# JRE version: Java(TM) SE Runtime Environment (22.0.2+9) (build 22.0.2+9-70)
# Java VM: Java HotSpot(TM) 64-Bit Server VM (22.0.2+9-70, mixed mode, sharing, tiered, compressed oops, compressed class ptrs, parallel gc, windows-amd64)
GC Precious Log:
 CardTable entry size: 512
 CPUs: 12 total, 12 available
 Memory: 7518M
 Large Page Support: Disabled
 NUMA Support: Disabled
 Compressed Oops: Enabled (32-bit)
 Alignments: Space 512K, Generation 512K, Heap 2M
 Heap Min Capacity: 100M
 Heap Initial Capacity: 100M
 Heap Max Capacity: 2G
 Pre-touch: Disabled
 Parallel Workers: 10
Heap:
 PSYoungGen      total 6144K, used 5125K [0x00000000d5580000, 0x00000000d6000000, 0x0000000100000000)
  eden space 5632K, 81% used [0x00000000d5580000,0x00000000d5a01778,0x00000000d5b00000)
  from space 512K, 100% used [0x00000000d5d80000,0x00000000d5e00000,0x00000000d5e00000)
  to   space 2560K, 0% used [0x00000000d5b00000,0x00000000d5b00000,0x00000000d5d80000)
 ParOldGen       total 139776K, used 139738K [0x0000000080000000, 0x0000000088880000, 0x00000000d5580000)
  object space 139776K, 99% used [0x0000000080000000,0x0000000088876a58,0x0000000088880000)
 Metaspace       used 54508K, committed 55872K, reserved 1114112K
  class space    used 5947K, committed 6528K, reserved 1048576K
GC Heap History (20 events):
Event: 19.113 GC heap after
{Heap after GC invocations=71 (full 2):
 PSYoungGen      total 6656K, used 1238K [0x00000000d5580000, 0x00000000d5d80000, 0x0000000100000000)
  eden space 5120K, 0% used [0x00000000d5580000,0x00000000d5580000,0x00000000d5a80000)
  from space 1536K, 80% used [0x00000000d5a80000,0x00000000d5bb58f0,0x00000000d5c00000)
  to   space 1536K, 0% used [0x00000000d5c00000,0x00000000d5c00000,0x00000000d5d80000)
 ParOldGen       total 123392K, used 123300K [0x0000000080000000, 0x0000000087880000, 0x00000000d5580000)
  object space 123392K, 99% used [0x0000000080000000,0x0000000087869240,0x0000000087880000)
 Metaspace       used 54296K, committed 55680K, reserved 1114112K
  class space    used 5946K, committed 6528K, reserved 1048576K
}
Event: 19.142 GC heap before
{Heap before GC invocations=72 (full 2):
 PSYoungGen      total 6656K, used 6358K [0x00000000d5580000, 0x00000000d5d80000, 0x0000000100000000)
  eden space 5120K, 100% used [0x00000000d5580000,0x00000000d5a80000,0x00000000d5a80000)
  from space 1536K, 80% used [0x00000000d5a80000,0x00000000d5bb58f0,0x00000000d5c00000)
  to   space 1536K, 0% used [0x00000000d5c00000,0x00000000d5c00000,0x00000000d5d80000)
 ParOldGen       total 123392K, used 123300K [0x0000000080000000, 0x0000000087880000, 0x00000000d5580000)
  object space 123392K, 99% used [0x0000000080000000,0x0000000087869240,0x0000000087880000)
 Metaspace       used 54304K, committed 55680K, reserved 1114112K
  class space    used 5946K, committed 6528K, reserved 1048576K
}
Event: 19.144 GC heap after
{Heap after GC invocations=72 (full 2):
 PSYoungGen      total 6656K, used 1123K [0x00000000d5580000, 0x00000000d5d80000, 0x0000000100000000)
  eden space 5120K, 0% used [0x00000000d5580000,0x00000000d5580000,0x00000000d5a80000)
  from space 1536K, 73% used [0x00000000d5c00000,0x00000000d5d18ce0,0x00000000d5d80000)
  to   space 1536K, 0% used [0x00000000d5a80000,0x00000000d5a80000,0x00000000d5c00000)
 ParOldGen       total 124416K, used 124373K [0x0000000080000000, 0x0000000087980000, 0x00000000d5580000)
  object space 124416K, 99% used [0x0000000080000000,0x00000000879755c0,0x0000000087980000)
 Metaspace       used 54304K, committed 55680K, reserved 1114112K
  class space    used 5946K, committed 6528K, reserved 1048576K
}
Event: 19.174 GC heap before
{Heap before GC invocations=73 (full 2):
 PSYoungGen      total 6656K, used 6240K [0x00000000d5580000, 0x00000000d5d80000, 0x0000000100000000)
  eden space 5120K, 99% used [0x00000000d5580000,0x00000000d5a7f698,0x00000000d5a80000)
  from space 1536K, 73% used [0x00000000d5c00000,0x00000000d5d18ce0,0x00000000d5d80000)
  to   space 1536K, 0% used [0x00000000d5a80000,0x00000000d5a80000,0x00000000d5c00000)
 ParOldGen       total 124416K, used 124373K [0x0000000080000000, 0x0000000087980000, 0x00000000d5580000)
  object space 124416K, 99% used [0x0000000080000000,0x00000000879755c0,0x0000000087980000)
 Metaspace       used 54309K, committed 55680K, reserved 1114112K
  class space    used 5946K, committed 6528K, reserved 1048576K
}
Event: 19.176 GC heap after
{Heap after GC invocations=73 (full 2):
 PSYoungGen      total 6656K, used 1138K [0x00000000d5580000, 0x00000000d5d80000, 0x0000000100000000)
  eden space 5120K, 0% used [0x00000000d5580000,0x00000000d5580000,0x00000000d5a80000)
  from space 1536K, 74% used [0x00000000d5a80000,0x00000000d5b9cae8,0x00000000d5c00000)
  to   space 1536K, 0% used [0x00000000d5c00000,0x00000000d5c00000,0x00000000d5d80000)
 ParOldGen       total 125440K, used 125364K [0x0000000080000000, 0x0000000087a80000, 0x00000000d5580000)
  object space 125440K, 99% used [0x0000000080000000,0x0000000087a6d108,0x0000000087a80000)
 Metaspace       used 54309K, committed 55680K, reserved 1114112K
  class space    used 5946K, committed 6528K, reserved 1048576K
}
Event: 19.223 GC heap before
{Heap before GC invocations=74 (full 2):
 PSYoungGen      total 6656K, used 6258K [0x00000000d5580000, 0x00000000d5d80000, 0x0000000100000000)
  eden space 5120K, 100% used [0x00000000d5580000,0x00000000d5a80000,0x00000000d5a80000)
  from space 1536K, 74% used [0x00000000d5a80000,0x00000000d5b9cae8,0x00000000d5c00000)
  to   space 1536K, 0% used [0x00000000d5c00000,0x00000000d5c00000,0x00000000d5d80000)
 ParOldGen       total 125440K, used 125364K [0x0000000080000000, 0x0000000087a80000, 0x00000000d5580000)
  object space 125440K, 99% used [0x0000000080000000,0x0000000087a6d108,0x0000000087a80000)
 Metaspace       used 54324K, committed 55680K, reserved 1114112K
  class space    used 5946K, committed 6528K, reserved 1048576K
}
Event: 19.227 GC heap after
{Heap after GC invocations=74 (full 2):
 PSYoungGen      total 6144K, used 736K [0x00000000d5580000, 0x00000000d5d00000, 0x0000000100000000)
  eden space 5120K, 0% used [0x00000000d5580000,0x00000000d5580000,0x00000000d5a80000)
  from space 1024K, 71% used [0x00000000d5c00000,0x00000000d5cb8000,0x00000000d5d00000)
  to   space 1024K, 0% used [0x00000000d5b00000,0x00000000d5b00000,0x00000000d5c00000)
 ParOldGen       total 128512K, used 128108K [0x0000000080000000, 0x0000000087d80000, 0x00000000d5580000)
  object space 128512K, 99% used [0x0000000080000000,0x0000000087d1b3a0,0x0000000087d80000)
 Metaspace       used 54324K, committed 55680K, reserved 1114112K
  class space    used 5946K, committed 6528K, reserved 1048576K
}
Event: 19.252 GC heap before
{Heap before GC invocations=75 (full 2):
 PSYoungGen      total 6144K, used 5856K [0x00000000d5580000, 0x00000000d5d00000, 0x0000000100000000)
  eden space 5120K, 100% used [0x00000000d5580000,0x00000000d5a80000,0x00000000d5a80000)
  from space 1024K, 71% used [0x00000000d5c00000,0x00000000d5cb8000,0x00000000d5d00000)
  to   space 1024K, 0% used [0x00000000d5b00000,0x00000000d5b00000,0x00000000d5c00000)
 ParOldGen       total 128512K, used 128108K [0x0000000080000000, 0x0000000087d80000, 0x00000000d5580000)
  object space 128512K, 99% used [0x0000000080000000,0x0000000087d1b3a0,0x0000000087d80000)
 Metaspace       used 54340K, committed 55680K, reserved 1114112K
  class space    used 5947K, committed 6528K, reserved 1048576K
}
Event: 19.255 GC heap after
{Heap after GC invocations=75 (full 2):
 PSYoungGen      total 6144K, used 1016K [0x00000000d5580000, 0x00000000d5f80000, 0x0000000100000000)
  eden space 5120K, 0% used [0x00000000d5580000,0x00000000d5580000,0x00000000d5a80000)
  from space 1024K, 99% used [0x00000000d5b00000,0x00000000d5bfe0e0,0x00000000d5c00000)
  to   space 2560K, 0% used [0x00000000d5d00000,0x00000000d5d00000,0x00000000d5f80000)
 ParOldGen       total 129024K, used 129004K [0x0000000080000000, 0x0000000087e00000, 0x00000000d5580000)
  object space 129024K, 99% used [0x0000000080000000,0x0000000087dfb2a0,0x0000000087e00000)
 Metaspace       used 54340K, committed 55680K, reserved 1114112K
  class space    used 5947K, committed 6528K, reserved 1048576K
}
Event: 19.278 GC heap before
{Heap before GC invocations=76 (full 2):
 PSYoungGen      total 6144K, used 6136K [0x00000000d5580000, 0x00000000d5f80000, 0x0000000100000000)
  eden space 5120K, 100% used [0x00000000d5580000,0x00000000d5a80000,0x00000000d5a80000)
  from space 1024K, 99% used [0x00000000d5b00000,0x00000000d5bfe0e0,0x00000000d5c00000)
  to   space 2560K, 0% used [0x00000000d5d00000,0x00000000d5d00000,0x00000000d5f80000)
 ParOldGen       total 129024K, used 129004K [0x0000000080000000, 0x0000000087e00000, 0x00000000d5580000)
  object space 129024K, 99% used [0x0000000080000000,0x0000000087dfb2a0,0x0000000087e00000)
 Metaspace       used 54341K, committed 55680K, reserved 1114112K
  class space    used 5947K, committed 6528K, reserved 1048576K
}
Event: 19.280 GC heap after
{Heap after GC invocations=76 (full 2):
 PSYoungGen      total 6144K, used 979K [0x00000000d5580000, 0x00000000d5e00000, 0x0000000100000000)
  eden space 5120K, 0% used [0x00000000d5580000,0x00000000d5580000,0x00000000d5a80000)
  from space 1024K, 95% used [0x00000000d5d00000,0x00000000d5df4d40,0x00000000d5e00000)
  to   space 1536K, 0% used [0x00000000d5b00000,0x00000000d5b00000,0x00000000d5c80000)
 ParOldGen       total 130560K, used 130048K [0x0000000080000000, 0x0000000087f80000, 0x00000000d5580000)
  object space 130560K, 99% used [0x0000000080000000,0x0000000087f00110,0x0000000087f80000)
 Metaspace       used 54341K, committed 55680K, reserved 1114112K
  class space    used 5947K, committed 6528K, reserved 1048576K
}
Event: 19.312 GC heap before
{Heap before GC invocations=77 (full 2):
 PSYoungGen      total 6144K, used 6099K [0x00000000d5580000, 0x00000000d5e00000, 0x0000000100000000)
  eden space 5120K, 100% used [0x00000000d5580000,0x00000000d5a80000,0x00000000d5a80000)
  from space 1024K, 95% used [0x00000000d5d00000,0x00000000d5df4d40,0x00000000d5e00000)
  to   space 1536K, 0% used [0x00000000d5b00000,0x00000000d5b00000,0x00000000d5c80000)
 ParOldGen       total 130560K, used 130048K [0x0000000080000000, 0x0000000087f80000, 0x00000000d5580000)
  object space 130560K, 99% used [0x0000000080000000,0x0000000087f00110,0x0000000087f80000)
 Metaspace       used 54361K, committed 55744K, reserved 1114112K
  class space    used 5947K, committed 6528K, reserved 1048576K
}
Event: 19.314 GC heap after
{Heap after GC invocations=77 (full 2):
 PSYoungGen      total 6656K, used 1062K [0x00000000d5580000, 0x00000000d5d80000, 0x0000000100000000)
  eden space 5120K, 0% used [0x00000000d5580000,0x00000000d5580000,0x00000000d5a80000)
  from space 1536K, 69% used [0x00000000d5b00000,0x00000000d5c099b8,0x00000000d5c80000)
  to   space 1024K, 0% used [0x00000000d5c80000,0x00000000d5c80000,0x00000000d5d80000)
 ParOldGen       total 131072K, used 130908K [0x0000000080000000, 0x0000000088000000, 0x00000000d5580000)
  object space 131072K, 99% used [0x0000000080000000,0x0000000087fd7188,0x0000000088000000)
 Metaspace       used 54361K, committed 55744K, reserved 1114112K
  class space    used 5947K, committed 6528K, reserved 1048576K
}
Event: 19.334 GC heap before
{Heap before GC invocations=78 (full 2):
 PSYoungGen      total 6656K, used 6182K [0x00000000d5580000, 0x00000000d5d80000, 0x0000000100000000)
  eden space 5120K, 100% used [0x00000000d5580000,0x00000000d5a80000,0x00000000d5a80000)
  from space 1536K, 69% used [0x00000000d5b00000,0x00000000d5c099b8,0x00000000d5c80000)
  to   space 1024K, 0% used [0x00000000d5c80000,0x00000000d5c80000,0x00000000d5d80000)
 ParOldGen       total 131072K, used 130908K [0x0000000080000000, 0x0000000088000000, 0x00000000d5580000)
  object space 131072K, 99% used [0x0000000080000000,0x0000000087fd7188,0x0000000088000000)
 Metaspace       used 54369K, committed 55744K, reserved 1114112K
  class space    used 5947K, committed 6528K, reserved 1048576K
}
Event: 19.336 GC heap after
{Heap after GC invocations=78 (full 2):
 PSYoungGen      total 5632K, used 1008K [0x00000000d5580000, 0x00000000d5f80000, 0x0000000100000000)
  eden space 4608K, 0% used [0x00000000d5580000,0x00000000d5580000,0x00000000d5a00000)
  from space 1024K, 98% used [0x00000000d5c80000,0x00000000d5d7c200,0x00000000d5d80000)
  to   space 2560K, 0% used [0x00000000d5a00000,0x00000000d5a00000,0x00000000d5c80000)
 ParOldGen       total 132096K, used 131976K [0x0000000080000000, 0x0000000088100000, 0x00000000d5580000)
  object space 132096K, 99% used [0x0000000080000000,0x00000000880e20f8,0x0000000088100000)
 Metaspace       used 54369K, committed 55744K, reserved 1114112K
  class space    used 5947K, committed 6528K, reserved 1048576K
}
Event: 19.364 GC heap before
{Heap before GC invocations=79 (full 2):
 PSYoungGen      total 5632K, used 5616K [0x00000000d5580000, 0x00000000d5f80000, 0x0000000100000000)
  eden space 4608K, 100% used [0x00000000d5580000,0x00000000d5a00000,0x00000000d5a00000)
  from space 1024K, 98% used [0x00000000d5c80000,0x00000000d5d7c200,0x00000000d5d80000)
  to   space 2560K, 0% used [0x00000000d5a00000,0x00000000d5a00000,0x00000000d5c80000)
 ParOldGen       total 132096K, used 131976K [0x0000000080000000, 0x0000000088100000, 0x00000000d5580000)
  object space 132096K, 99% used [0x0000000080000000,0x00000000880e20f8,0x0000000088100000)
 Metaspace       used 54379K, committed 55744K, reserved 1114112K
  class space    used 5947K, committed 6528K, reserved 1048576K
}
Event: 19.367 GC heap after
{Heap after GC invocations=79 (full 2):
 PSYoungGen      total 5632K, used 992K [0x00000000d5580000, 0x00000000d5d00000, 0x0000000100000000)
  eden space 4608K, 0% used [0x00000000d5580000,0x00000000d5580000,0x00000000d5a00000)
  from space 1024K, 96% used [0x00000000d5a00000,0x00000000d5af8000,0x00000000d5b00000)
  to   space 1536K, 0% used [0x00000000d5b80000,0x00000000d5b80000,0x00000000d5d00000)
 ParOldGen       total 133120K, used 132923K [0x0000000080000000, 0x0000000088200000, 0x00000000d5580000)
  object space 133120K, 99% used [0x0000000080000000,0x00000000881cedc8,0x0000000088200000)
 Metaspace       used 54379K, committed 55744K, reserved 1114112K
  class space    used 5947K, committed 6528K, reserved 1048576K
}
Event: 19.404 GC heap before
{Heap before GC invocations=80 (full 2):
 PSYoungGen      total 5632K, used 5600K [0x00000000d5580000, 0x00000000d5d00000, 0x0000000100000000)
  eden space 4608K, 100% used [0x00000000d5580000,0x00000000d5a00000,0x00000000d5a00000)
  from space 1024K, 96% used [0x00000000d5a00000,0x00000000d5af8000,0x00000000d5b00000)
  to   space 1536K, 0% used [0x00000000d5b80000,0x00000000d5b80000,0x00000000d5d00000)
 ParOldGen       total 133120K, used 132923K [0x0000000080000000, 0x0000000088200000, 0x00000000d5580000)
  object space 133120K, 99% used [0x0000000080000000,0x00000000881cedc8,0x0000000088200000)
 Metaspace       used 54382K, committed 55744K, reserved 1114112K
  class space    used 5947K, committed 6528K, reserved 1048576K
}
Event: 19.407 GC heap after
{Heap after GC invocations=80 (full 2):
 PSYoungGen      total 6144K, used 1022K [0x00000000d5580000, 0x00000000d5d00000, 0x0000000100000000)
  eden space 4608K, 0% used [0x00000000d5580000,0x00000000d5580000,0x00000000d5a00000)
  from space 1536K, 66% used [0x00000000d5b80000,0x00000000d5c7f808,0x00000000d5d00000)
  to   space 1536K, 0% used [0x00000000d5a00000,0x00000000d5a00000,0x00000000d5b80000)
 ParOldGen       total 134144K, used 133711K [0x0000000080000000, 0x0000000088300000, 0x00000000d5580000)
  object space 134144K, 99% used [0x0000000080000000,0x0000000088293fb0,0x0000000088300000)
 Metaspace       used 54382K, committed 55744K, reserved 1114112K
  class space    used 5947K, committed 6528K, reserved 1048576K
}
Event: 19.434 GC heap before
{Heap before GC invocations=81 (full 2):
 PSYoungGen      total 6144K, used 5630K [0x00000000d5580000, 0x00000000d5d00000, 0x0000000100000000)
  eden space 4608K, 100% used [0x00000000d5580000,0x00000000d5a00000,0x00000000d5a00000)
  from space 1536K, 66% used [0x00000000d5b80000,0x00000000d5c7f808,0x00000000d5d00000)
  to   space 1536K, 0% used [0x00000000d5a00000,0x00000000d5a00000,0x00000000d5b80000)
 ParOldGen       total 134144K, used 133711K [0x0000000080000000, 0x0000000088300000, 0x00000000d5580000)
  object space 134144K, 99% used [0x0000000080000000,0x0000000088293fb0,0x0000000088300000)
 Metaspace       used 54384K, committed 55744K, reserved 1114112K
  class space    used 5947K, committed 6528K, reserved 1048576K
}

