# JRE version: Java(TM) SE Runtime Environment (22.0.2+9) (build 22.0.2+9-70)
# Java VM: Java HotSpot(TM) 64-Bit Server VM (22.0.2+9-70, mixed mode, sharing, tiered, compressed oops, compressed class ptrs, parallel gc, windows-amd64)
GC Precious Log:
 CardTable entry size: 512
 CPUs: 12 total, 12 available
 Memory: 7518M
 Large Page Support: Disabled
 NUMA Support: Disabled
 Compressed Oops: Enabled (32-bit)
 Alignments: Space 512K, Generation 512K, Heap 2M
 Heap Min Capacity: 100M
 Heap Initial Capacity: 100M
 Heap Max Capacity: 2G
 Pre-touch: Disabled
 Parallel Workers: 10
Heap:
 PSYoungGen      total 4096K, used 1284K [0x00000000d5580000, 0x00000000d5b80000, 0x0000000100000000)
  eden space 3072K, 16% used [0x00000000d5580000,0x00000000d560d4b0,0x00000000d5880000)
  from space 1024K, 74% used [0x00000000d5a80000,0x00000000d5b3f4c0,0x00000000d5b80000)
  to   space 1024K, 0% used [0x00000000d5980000,0x00000000d5980000,0x00000000d5a80000)
 ParOldGen       total 185856K, used 185778K [0x0000000080000000, 0x000000008b580000, 0x00000000d5580000)
  object space 185856K, 99% used [0x0000000080000000,0x000000008b56c8a8,0x000000008b580000)
 Metaspace       used 75417K, committed 76928K, reserved 1179648K
  class space    used 8115K, committed 8768K, reserved 1048576K
GC Heap History (20 events):
Event: 45.781 GC heap before
{Heap before GC invocations=236 (full 3):
 PSYoungGen      total 4096K, used 3774K [0x00000000d5580000, 0x00000000d5a80000, 0x0000000100000000)
  eden space 3072K, 100% used [0x00000000d5580000,0x00000000d5880000,0x00000000d5880000)
  from space 1024K, 68% used [0x00000000d5980000,0x00000000d5a2f8d0,0x00000000d5a80000)
  to   space 1024K, 0% used [0x00000000d5880000,0x00000000d5880000,0x00000000d5980000)
 ParOldGen       total 169984K, used 169935K [0x0000000080000000, 0x000000008a600000, 0x00000000d5580000)
  object space 169984K, 99% used [0x0000000080000000,0x000000008a5f3cb0,0x000000008a600000)
 Metaspace       used 75090K, committed 76672K, reserved 1179648K
  class space    used 8084K, committed 8768K, reserved 1048576K
}
Event: 45.783 GC heap after
{Heap after GC invocations=236 (full 3):
 PSYoungGen      total 4096K, used 1022K [0x00000000d5580000, 0x00000000d5b80000, 0x0000000100000000)
  eden space 3072K, 0% used [0x00000000d5580000,0x00000000d5580000,0x00000000d5880000)
  from space 1024K, 99% used [0x00000000d5880000,0x00000000d597f860,0x00000000d5980000)
  to   space 1536K, 0% used [0x00000000d5a00000,0x00000000d5a00000,0x00000000d5b80000)
 ParOldGen       total 171008K, used 170501K [0x0000000080000000, 0x000000008a700000, 0x00000000d5580000)
  object space 171008K, 99% used [0x0000000080000000,0x000000008a6815b0,0x000000008a700000)
 Metaspace       used 75090K, committed 76672K, reserved 1179648K
  class space    used 8084K, committed 8768K, reserved 1048576K
}
Event: 45.802 GC heap before
{Heap before GC invocations=237 (full 3):
 PSYoungGen      total 4096K, used 4094K [0x00000000d5580000, 0x00000000d5b80000, 0x0000000100000000)
  eden space 3072K, 99% used [0x00000000d5580000,0x00000000d587fff8,0x00000000d5880000)
  from space 1024K, 99% used [0x00000000d5880000,0x00000000d597f860,0x00000000d5980000)
  to   space 1536K, 0% used [0x00000000d5a00000,0x00000000d5a00000,0x00000000d5b80000)
 ParOldGen       total 171008K, used 170501K [0x0000000080000000, 0x000000008a700000, 0x00000000d5580000)
  object space 171008K, 99% used [0x0000000080000000,0x000000008a6815b0,0x000000008a700000)
 Metaspace       used 75122K, committed 76672K, reserved 1179648K
  class space    used 8093K, committed 8768K, reserved 1048576K
}
Event: 45.804 GC heap after
{Heap after GC invocations=237 (full 3):
 PSYoungGen      total 4608K, used 1242K [0x00000000d5580000, 0x00000000d5b80000, 0x0000000100000000)
  eden space 3072K, 0% used [0x00000000d5580000,0x00000000d5580000,0x00000000d5880000)
  from space 1536K, 80% used [0x00000000d5a00000,0x00000000d5b36be8,0x00000000d5b80000)
  to   space 1536K, 0% used [0x00000000d5880000,0x00000000d5880000,0x00000000d5a00000)
 ParOldGen       total 171520K, used 171397K [0x0000000080000000, 0x000000008a780000, 0x00000000d5580000)
  object space 171520K, 99% used [0x0000000080000000,0x000000008a761768,0x000000008a780000)
 Metaspace       used 75122K, committed 76672K, reserved 1179648K
  class space    used 8093K, committed 8768K, reserved 1048576K
}
Event: 45.827 GC heap before
{Heap before GC invocations=238 (full 3):
 PSYoungGen      total 4608K, used 3795K [0x00000000d5580000, 0x00000000d5b80000, 0x0000000100000000)
  eden space 3072K, 83% used [0x00000000d5580000,0x00000000d57fe0a8,0x00000000d5880000)
  from space 1536K, 80% used [0x00000000d5a00000,0x00000000d5b36be8,0x00000000d5b80000)
  to   space 1536K, 0% used [0x00000000d5880000,0x00000000d5880000,0x00000000d5a00000)
 ParOldGen       total 171520K, used 171397K [0x0000000080000000, 0x000000008a780000, 0x00000000d5580000)
  object space 171520K, 99% used [0x0000000080000000,0x000000008a761768,0x000000008a780000)
 Metaspace       used 75168K, committed 76672K, reserved 1179648K
  class space    used 8104K, committed 8768K, reserved 1048576K
}
Event: 47.842 GC heap after
{Heap after GC invocations=238 (full 3):
 PSYoungGen      total 4608K, used 1513K [0x00000000d5580000, 0x00000000d5f80000, 0x0000000100000000)
  eden space 3072K, 0% used [0x00000000d5580000,0x00000000d5580000,0x00000000d5880000)
  from space 1536K, 98% used [0x00000000d5880000,0x00000000d59fa410,0x00000000d5a00000)
  to   space 3072K, 0% used [0x00000000d5c80000,0x00000000d5c80000,0x00000000d5f80000)
 ParOldGen       total 172544K, used 172499K [0x0000000080000000, 0x000000008a880000, 0x00000000d5580000)
  object space 172544K, 99% used [0x0000000080000000,0x000000008a874db0,0x000000008a880000)
 Metaspace       used 75168K, committed 76672K, reserved 1179648K
  class space    used 8104K, committed 8768K, reserved 1048576K
}
Event: 47.960 GC heap before
{Heap before GC invocations=239 (full 3):
 PSYoungGen      total 4608K, used 4585K [0x00000000d5580000, 0x00000000d5f80000, 0x0000000100000000)
  eden space 3072K, 100% used [0x00000000d5580000,0x00000000d5880000,0x00000000d5880000)
  from space 1536K, 98% used [0x00000000d5880000,0x00000000d59fa410,0x00000000d5a00000)
  to   space 3072K, 0% used [0x00000000d5c80000,0x00000000d5c80000,0x00000000d5f80000)
 ParOldGen       total 172544K, used 172499K [0x0000000080000000, 0x000000008a880000, 0x00000000d5580000)
  object space 172544K, 99% used [0x0000000080000000,0x000000008a874db0,0x000000008a880000)
 Metaspace       used 75185K, committed 76736K, reserved 1179648K
  class space    used 8105K, committed 8768K, reserved 1048576K
}
Event: 47.967 GC heap after
{Heap after GC invocations=239 (full 3):
 PSYoungGen      total 6144K, used 1824K [0x00000000d5580000, 0x00000000d5e80000, 0x0000000100000000)
  eden space 4096K, 0% used [0x00000000d5580000,0x00000000d5580000,0x00000000d5980000)
  from space 2048K, 89% used [0x00000000d5c80000,0x00000000d5e48088,0x00000000d5e80000)
  to   space 2560K, 0% used [0x00000000d5980000,0x00000000d5980000,0x00000000d5c00000)
 ParOldGen       total 174080K, used 173741K [0x0000000080000000, 0x000000008aa00000, 0x00000000d5580000)
  object space 174080K, 99% used [0x0000000080000000,0x000000008a9ab7a8,0x000000008aa00000)
 Metaspace       used 75185K, committed 76736K, reserved 1179648K
  class space    used 8105K, committed 8768K, reserved 1048576K
}
Event: 48.016 GC heap before
{Heap before GC invocations=240 (full 3):
 PSYoungGen      total 6144K, used 5920K [0x00000000d5580000, 0x00000000d5e80000, 0x0000000100000000)
  eden space 4096K, 100% used [0x00000000d5580000,0x00000000d5980000,0x00000000d5980000)
  from space 2048K, 89% used [0x00000000d5c80000,0x00000000d5e48088,0x00000000d5e80000)
  to   space 2560K, 0% used [0x00000000d5980000,0x00000000d5980000,0x00000000d5c00000)
 ParOldGen       total 174080K, used 173741K [0x0000000080000000, 0x000000008aa00000, 0x00000000d5580000)
  object space 174080K, 99% used [0x0000000080000000,0x000000008a9ab7a8,0x000000008aa00000)
 Metaspace       used 75205K, committed 76736K, reserved 1179648K
  class space    used 8105K, committed 8768K, reserved 1048576K
}
Event: 48.026 GC heap after
{Heap after GC invocations=240 (full 3):
 PSYoungGen      total 6656K, used 1288K [0x00000000d5580000, 0x00000000d5d80000, 0x0000000100000000)
  eden space 4096K, 0% used [0x00000000d5580000,0x00000000d5580000,0x00000000d5980000)
  from space 2560K, 50% used [0x00000000d5980000,0x00000000d5ac22c8,0x00000000d5c00000)
  to   space 1536K, 0% used [0x00000000d5c00000,0x00000000d5c00000,0x00000000d5d80000)
 ParOldGen       total 175104K, used 175071K [0x0000000080000000, 0x000000008ab00000, 0x00000000d5580000)
  object space 175104K, 99% used [0x0000000080000000,0x000000008aaf7da0,0x000000008ab00000)
 Metaspace       used 75205K, committed 76736K, reserved 1179648K
  class space    used 8105K, committed 8768K, reserved 1048576K
}
Event: 48.062 GC heap before
{Heap before GC invocations=241 (full 3):
 PSYoungGen      total 6656K, used 5384K [0x00000000d5580000, 0x00000000d5d80000, 0x0000000100000000)
  eden space 4096K, 100% used [0x00000000d5580000,0x00000000d5980000,0x00000000d5980000)
  from space 2560K, 50% used [0x00000000d5980000,0x00000000d5ac22c8,0x00000000d5c00000)
  to   space 1536K, 0% used [0x00000000d5c00000,0x00000000d5c00000,0x00000000d5d80000)
 ParOldGen       total 175104K, used 175071K [0x0000000080000000, 0x000000008ab00000, 0x00000000d5580000)
  object space 175104K, 99% used [0x0000000080000000,0x000000008aaf7da0,0x000000008ab00000)
 Metaspace       used 75327K, committed 76864K, reserved 1179648K
  class space    used 8108K, committed 8768K, reserved 1048576K
}
Event: 48.066 GC heap after
{Heap after GC invocations=241 (full 3):
 PSYoungGen      total 5120K, used 921K [0x00000000d5580000, 0x00000000d5d00000, 0x0000000100000000)
  eden space 4096K, 0% used [0x00000000d5580000,0x00000000d5580000,0x00000000d5980000)
  from space 1024K, 90% used [0x00000000d5c00000,0x00000000d5ce6700,0x00000000d5d00000)
  to   space 1536K, 0% used [0x00000000d5a00000,0x00000000d5a00000,0x00000000d5b80000)
 ParOldGen       total 175616K, used 175550K [0x0000000080000000, 0x000000008ab80000, 0x00000000d5580000)
  object space 175616K, 99% used [0x0000000080000000,0x000000008ab6fbd0,0x000000008ab80000)
 Metaspace       used 75327K, committed 76864K, reserved 1179648K
  class space    used 8108K, committed 8768K, reserved 1048576K
}
Event: 48.087 GC heap before
{Heap before GC invocations=242 (full 3):
 PSYoungGen      total 5120K, used 5017K [0x00000000d5580000, 0x00000000d5d00000, 0x0000000100000000)
  eden space 4096K, 100% used [0x00000000d5580000,0x00000000d5980000,0x00000000d5980000)
  from space 1024K, 90% used [0x00000000d5c00000,0x00000000d5ce6700,0x00000000d5d00000)
  to   space 1536K, 0% used [0x00000000d5a00000,0x00000000d5a00000,0x00000000d5b80000)
 ParOldGen       total 175616K, used 175550K [0x0000000080000000, 0x000000008ab80000, 0x00000000d5580000)
  object space 175616K, 99% used [0x0000000080000000,0x000000008ab6fbd0,0x000000008ab80000)
 Metaspace       used 75348K, committed 76864K, reserved 1179648K
  class space    used 8111K, committed 8768K, reserved 1048576K
}
Event: 48.089 GC heap after
{Heap after GC invocations=242 (full 3):
 PSYoungGen      total 5632K, used 912K [0x00000000d5580000, 0x00000000d5c80000, 0x0000000100000000)
  eden space 4096K, 0% used [0x00000000d5580000,0x00000000d5580000,0x00000000d5980000)
  from space 1536K, 59% used [0x00000000d5a00000,0x00000000d5ae4238,0x00000000d5b80000)
  to   space 1024K, 0% used [0x00000000d5b80000,0x00000000d5b80000,0x00000000d5c80000)
 ParOldGen       total 176640K, used 176318K [0x0000000080000000, 0x000000008ac80000, 0x00000000d5580000)
  object space 176640K, 99% used [0x0000000080000000,0x000000008ac2f810,0x000000008ac80000)
 Metaspace       used 75348K, committed 76864K, reserved 1179648K
  class space    used 8111K, committed 8768K, reserved 1048576K
}
Event: 48.107 GC heap before
{Heap before GC invocations=243 (full 3):
 PSYoungGen      total 5632K, used 5008K [0x00000000d5580000, 0x00000000d5c80000, 0x0000000100000000)
  eden space 4096K, 100% used [0x00000000d5580000,0x00000000d5980000,0x00000000d5980000)
  from space 1536K, 59% used [0x00000000d5a00000,0x00000000d5ae4238,0x00000000d5b80000)
  to   space 1024K, 0% used [0x00000000d5b80000,0x00000000d5b80000,0x00000000d5c80000)
 ParOldGen       total 176640K, used 176318K [0x0000000080000000, 0x000000008ac80000, 0x00000000d5580000)
  object space 176640K, 99% used [0x0000000080000000,0x000000008ac2f810,0x000000008ac80000)
 Metaspace       used 75353K, committed 76864K, reserved 1179648K
  class space    used 8112K, committed 8768K, reserved 1048576K
}
Event: 48.109 GC heap after
{Heap after GC invocations=243 (full 3):
 PSYoungGen      total 5120K, used 989K [0x00000000d5580000, 0x00000000d5c80000, 0x0000000100000000)
  eden space 4096K, 0% used [0x00000000d5580000,0x00000000d5580000,0x00000000d5980000)
  from space 1024K, 96% used [0x00000000d5b80000,0x00000000d5c774d0,0x00000000d5c80000)
  to   space 1024K, 0% used [0x00000000d5a80000,0x00000000d5a80000,0x00000000d5b80000)
 ParOldGen       total 177152K, used 177095K [0x0000000080000000, 0x000000008ad00000, 0x00000000d5580000)
  object space 177152K, 99% used [0x0000000080000000,0x000000008acf1da8,0x000000008ad00000)
 Metaspace       used 75353K, committed 76864K, reserved 1179648K
  class space    used 8112K, committed 8768K, reserved 1048576K
}
Event: 48.132 GC heap before
{Heap before GC invocations=244 (full 3):
 PSYoungGen      total 5120K, used 5085K [0x00000000d5580000, 0x00000000d5c80000, 0x0000000100000000)
  eden space 4096K, 100% used [0x00000000d5580000,0x00000000d5980000,0x00000000d5980000)
  from space 1024K, 96% used [0x00000000d5b80000,0x00000000d5c774d0,0x00000000d5c80000)
  to   space 1024K, 0% used [0x00000000d5a80000,0x00000000d5a80000,0x00000000d5b80000)
 ParOldGen       total 177152K, used 177095K [0x0000000080000000, 0x000000008ad00000, 0x00000000d5580000)
  object space 177152K, 99% used [0x0000000080000000,0x000000008acf1da8,0x000000008ad00000)
 Metaspace       used 75357K, committed 76864K, reserved 1179648K
  class space    used 8112K, committed 8768K, reserved 1048576K
}
Event: 48.136 GC heap after
{Heap after GC invocations=244 (full 3):
 PSYoungGen      total 5120K, used 1010K [0x00000000d5580000, 0x00000000d5c00000, 0x0000000100000000)
  eden space 4096K, 0% used [0x00000000d5580000,0x00000000d5580000,0x00000000d5980000)
  from space 1024K, 98% used [0x00000000d5a80000,0x00000000d5b7cbe8,0x00000000d5b80000)
  to   space 512K, 0% used [0x00000000d5b80000,0x00000000d5b80000,0x00000000d5c00000)
 ParOldGen       total 178176K, used 177996K [0x0000000080000000, 0x000000008ae00000, 0x00000000d5580000)
  object space 178176K, 99% used [0x0000000080000000,0x000000008add31b0,0x000000008ae00000)
 Metaspace       used 75357K, committed 76864K, reserved 1179648K
  class space    used 8112K, committed 8768K, reserved 1048576K
}
Event: 48.157 GC heap before
{Heap before GC invocations=245 (full 3):
 PSYoungGen      total 5120K, used 5106K [0x00000000d5580000, 0x00000000d5c00000, 0x0000000100000000)
  eden space 4096K, 100% used [0x00000000d5580000,0x00000000d5980000,0x00000000d5980000)
  from space 1024K, 98% used [0x00000000d5a80000,0x00000000d5b7cbe8,0x00000000d5b80000)
  to   space 512K, 0% used [0x00000000d5b80000,0x00000000d5b80000,0x00000000d5c00000)
 ParOldGen       total 178176K, used 177996K [0x0000000080000000, 0x000000008ae00000, 0x00000000d5580000)
  object space 178176K, 99% used [0x0000000080000000,0x000000008add31b0,0x000000008ae00000)
 Metaspace       used 75379K, committed 76928K, reserved 1179648K
  class space    used 8115K, committed 8768K, reserved 1048576K
}
Event: 48.160 GC heap after
{Heap after GC invocations=245 (full 3):
 PSYoungGen      total 4608K, used 486K [0x00000000d5580000, 0x00000000d5d80000, 0x0000000100000000)
  eden space 4096K, 0% used [0x00000000d5580000,0x00000000d5580000,0x00000000d5980000)
  from space 512K, 94% used [0x00000000d5b80000,0x00000000d5bf9810,0x00000000d5c00000)
  to   space 2048K, 0% used [0x00000000d5980000,0x00000000d5980000,0x00000000d5b80000)
 ParOldGen       total 179712K, used 179384K [0x0000000080000000, 0x000000008af80000, 0x00000000d5580000)
  object space 179712K, 99% used [0x0000000080000000,0x000000008af2e1b0,0x000000008af80000)
 Metaspace       used 75379K, committed 76928K, reserved 1179648K
  class space    used 8115K, committed 8768K, reserved 1048576K
}

