# JRE version: Java(TM) SE Runtime Environment (22.0.2+9) (build 22.0.2+9-70)
# Java VM: Java HotSpot(TM) 64-Bit Server VM (22.0.2+9-70, mixed mode, sharing, tiered, compressed oops, compressed class ptrs, parallel gc, windows-amd64)
GC Precious Log:
 CardTable entry size: 512
 CPUs: 12 total, 12 available
 Memory: 7518M
 Large Page Support: Disabled
 NUMA Support: Disabled
 Compressed Oops: Enabled (32-bit)
 Alignments: Space 512K, Generation 512K, Heap 2M
 Heap Min Capacity: 100M
 Heap Initial Capacity: 100M
 Heap Max Capacity: 2G
 Pre-touch: Disabled
 Parallel Workers: 10
Heap:
 PSYoungGen      total 8704K, used 7614K [0x00000000d5580000, 0x00000000d6580000, 0x0000000100000000)
  eden space 7168K, 85% used [0x00000000d5580000,0x00000000d5b75d30,0x00000000d5c80000)
  from space 1536K, 98% used [0x00000000d5c80000,0x00000000d5df9c38,0x00000000d5e00000)
  to   space 3584K, 0% used [0x00000000d6200000,0x00000000d6200000,0x00000000d6580000)
 ParOldGen       total 98816K, used 98325K [0x0000000080000000, 0x0000000086080000, 0x00000000d5580000)
  object space 98816K, 99% used [0x0000000080000000,0x0000000086005610,0x0000000086080000)
 Metaspace       used 53723K, committed 55040K, reserved 1114112K
  class space    used 5911K, committed 6464K, reserved 1048576K
GC Heap History (20 events):
Event: 19.393 GC heap after
{Heap after GC invocations=45 (full 2):
 PSYoungGen      total 12288K, used 3760K [0x00000000d5580000, 0x00000000d6580000, 0x0000000100000000)
  eden space 8192K, 0% used [0x00000000d5580000,0x00000000d5580000,0x00000000d5d80000)
  from space 4096K, 91% used [0x00000000d5d80000,0x00000000d612c140,0x00000000d6180000)
  to   space 4096K, 0% used [0x00000000d6180000,0x00000000d6180000,0x00000000d6580000)
 ParOldGen       total 82432K, used 81948K [0x0000000080000000, 0x0000000085080000, 0x00000000d5580000)
  object space 82432K, 99% used [0x0000000080000000,0x00000000850072a0,0x0000000085080000)
 Metaspace       used 52791K, committed 54208K, reserved 1114112K
  class space    used 5823K, committed 6400K, reserved 1048576K
}
Event: 19.523 GC heap before
{Heap before GC invocations=46 (full 2):
 PSYoungGen      total 12288K, used 11952K [0x00000000d5580000, 0x00000000d6580000, 0x0000000100000000)
  eden space 8192K, 100% used [0x00000000d5580000,0x00000000d5d80000,0x00000000d5d80000)
  from space 4096K, 91% used [0x00000000d5d80000,0x00000000d612c140,0x00000000d6180000)
  to   space 4096K, 0% used [0x00000000d6180000,0x00000000d6180000,0x00000000d6580000)
 ParOldGen       total 82432K, used 81948K [0x0000000080000000, 0x0000000085080000, 0x00000000d5580000)
  object space 82432K, 99% used [0x0000000080000000,0x00000000850072a0,0x0000000085080000)
 Metaspace       used 52793K, committed 54208K, reserved 1114112K
  class space    used 5823K, committed 6400K, reserved 1048576K
}
Event: 19.528 GC heap after
{Heap after GC invocations=46 (full 2):
 PSYoungGen      total 10752K, used 2285K [0x00000000d5580000, 0x00000000d6400000, 0x0000000100000000)
  eden space 8192K, 0% used [0x00000000d5580000,0x00000000d5580000,0x00000000d5d80000)
  from space 2560K, 89% used [0x00000000d6180000,0x00000000d63bb620,0x00000000d6400000)
  to   space 3072K, 0% used [0x00000000d5e00000,0x00000000d5e00000,0x00000000d6100000)
 ParOldGen       total 86016K, used 85551K [0x0000000080000000, 0x0000000085400000, 0x00000000d5580000)
  object space 86016K, 99% used [0x0000000080000000,0x000000008538be48,0x0000000085400000)
 Metaspace       used 52793K, committed 54208K, reserved 1114112K
  class space    used 5823K, committed 6400K, reserved 1048576K
}
Event: 19.584 GC heap before
{Heap before GC invocations=47 (full 2):
 PSYoungGen      total 10752K, used 10446K [0x00000000d5580000, 0x00000000d6400000, 0x0000000100000000)
  eden space 8192K, 99% used [0x00000000d5580000,0x00000000d5d784a0,0x00000000d5d80000)
  from space 2560K, 89% used [0x00000000d6180000,0x00000000d63bb620,0x00000000d6400000)
  to   space 3072K, 0% used [0x00000000d5e00000,0x00000000d5e00000,0x00000000d6100000)
 ParOldGen       total 86016K, used 85551K [0x0000000080000000, 0x0000000085400000, 0x00000000d5580000)
  object space 86016K, 99% used [0x0000000080000000,0x000000008538be48,0x0000000085400000)
 Metaspace       used 52806K, committed 54208K, reserved 1114112K
  class space    used 5823K, committed 6400K, reserved 1048576K
}
Event: 19.587 GC heap after
{Heap after GC invocations=47 (full 2):
 PSYoungGen      total 10752K, used 2263K [0x00000000d5580000, 0x00000000d6280000, 0x0000000100000000)
  eden space 8192K, 0% used [0x00000000d5580000,0x00000000d5580000,0x00000000d5d80000)
  from space 2560K, 88% used [0x00000000d5e00000,0x00000000d6035f18,0x00000000d6080000)
  to   space 2048K, 0% used [0x00000000d6080000,0x00000000d6080000,0x00000000d6280000)
 ParOldGen       total 88064K, used 87642K [0x0000000080000000, 0x0000000085600000, 0x00000000d5580000)
  object space 88064K, 99% used [0x0000000080000000,0x00000000855969a8,0x0000000085600000)
 Metaspace       used 52806K, committed 54208K, reserved 1114112K
  class space    used 5823K, committed 6400K, reserved 1048576K
}
Event: 19.662 GC heap before
{Heap before GC invocations=48 (full 2):
 PSYoungGen      total 10752K, used 10455K [0x00000000d5580000, 0x00000000d6280000, 0x0000000100000000)
  eden space 8192K, 100% used [0x00000000d5580000,0x00000000d5d80000,0x00000000d5d80000)
  from space 2560K, 88% used [0x00000000d5e00000,0x00000000d6035f18,0x00000000d6080000)
  to   space 2048K, 0% used [0x00000000d6080000,0x00000000d6080000,0x00000000d6280000)
 ParOldGen       total 88064K, used 87642K [0x0000000080000000, 0x0000000085600000, 0x00000000d5580000)
  object space 88064K, 99% used [0x0000000080000000,0x00000000855969a8,0x0000000085600000)
 Metaspace       used 52912K, committed 54336K, reserved 1114112K
  class space    used 5835K, committed 6400K, reserved 1048576K
}
Event: 19.666 GC heap after
{Heap after GC invocations=48 (full 2):
 PSYoungGen      total 10240K, used 1743K [0x00000000d5580000, 0x00000000d6280000, 0x0000000100000000)
  eden space 8192K, 0% used [0x00000000d5580000,0x00000000d5580000,0x00000000d5d80000)
  from space 2048K, 85% used [0x00000000d6080000,0x00000000d6233ec8,0x00000000d6280000)
  to   space 2048K, 0% used [0x00000000d5e80000,0x00000000d5e80000,0x00000000d6080000)
 ParOldGen       total 89600K, used 89303K [0x0000000080000000, 0x0000000085780000, 0x00000000d5580000)
  object space 89600K, 99% used [0x0000000080000000,0x0000000085735d90,0x0000000085780000)
 Metaspace       used 52912K, committed 54336K, reserved 1114112K
  class space    used 5835K, committed 6400K, reserved 1048576K
}
Event: 19.770 GC heap before
{Heap before GC invocations=49 (full 2):
 PSYoungGen      total 10240K, used 9935K [0x00000000d5580000, 0x00000000d6280000, 0x0000000100000000)
  eden space 8192K, 100% used [0x00000000d5580000,0x00000000d5d80000,0x00000000d5d80000)
  from space 2048K, 85% used [0x00000000d6080000,0x00000000d6233ec8,0x00000000d6280000)
  to   space 2048K, 0% used [0x00000000d5e80000,0x00000000d5e80000,0x00000000d6080000)
 ParOldGen       total 89600K, used 89303K [0x0000000080000000, 0x0000000085780000, 0x00000000d5580000)
  object space 89600K, 99% used [0x0000000080000000,0x0000000085735d90,0x0000000085780000)
 Metaspace       used 52918K, committed 54336K, reserved 1114112K
  class space    used 5835K, committed 6400K, reserved 1048576K
}
Event: 19.773 GC heap after
{Heap after GC invocations=49 (full 2):
 PSYoungGen      total 9728K, used 1521K [0x00000000d5580000, 0x00000000d6180000, 0x0000000100000000)
  eden space 8192K, 0% used [0x00000000d5580000,0x00000000d5580000,0x00000000d5d80000)
  from space 1536K, 99% used [0x00000000d5e80000,0x00000000d5ffc410,0x00000000d6000000)
  to   space 1536K, 0% used [0x00000000d6000000,0x00000000d6000000,0x00000000d6180000)
 ParOldGen       total 91136K, used 90933K [0x0000000080000000, 0x0000000085900000, 0x00000000d5580000)
  object space 91136K, 99% used [0x0000000080000000,0x00000000858cd630,0x0000000085900000)
 Metaspace       used 52918K, committed 54336K, reserved 1114112K
  class space    used 5835K, committed 6400K, reserved 1048576K
}
Event: 19.916 GC heap before
{Heap before GC invocations=50 (full 2):
 PSYoungGen      total 9728K, used 9713K [0x00000000d5580000, 0x00000000d6180000, 0x0000000100000000)
  eden space 8192K, 100% used [0x00000000d5580000,0x00000000d5d80000,0x00000000d5d80000)
  from space 1536K, 99% used [0x00000000d5e80000,0x00000000d5ffc410,0x00000000d6000000)
  to   space 1536K, 0% used [0x00000000d6000000,0x00000000d6000000,0x00000000d6180000)
 ParOldGen       total 91136K, used 90933K [0x0000000080000000, 0x0000000085900000, 0x00000000d5580000)
  object space 91136K, 99% used [0x0000000080000000,0x00000000858cd630,0x0000000085900000)
 Metaspace       used 52946K, committed 54336K, reserved 1114112K
  class space    used 5835K, committed 6400K, reserved 1048576K
}
Event: 19.918 GC heap after
{Heap after GC invocations=50 (full 2):
 PSYoungGen      total 9216K, used 854K [0x00000000d5580000, 0x00000000d6100000, 0x0000000100000000)
  eden space 8192K, 0% used [0x00000000d5580000,0x00000000d5580000,0x00000000d5d80000)
  from space 1024K, 83% used [0x00000000d6000000,0x00000000d60d58d8,0x00000000d6100000)
  to   space 1536K, 0% used [0x00000000d5e00000,0x00000000d5e00000,0x00000000d5f80000)
 ParOldGen       total 92672K, used 92194K [0x0000000080000000, 0x0000000085a80000, 0x00000000d5580000)
  object space 92672K, 99% used [0x0000000080000000,0x0000000085a08910,0x0000000085a80000)
 Metaspace       used 52946K, committed 54336K, reserved 1114112K
  class space    used 5835K, committed 6400K, reserved 1048576K
}
Event: 20.014 GC heap before
{Heap before GC invocations=51 (full 2):
 PSYoungGen      total 9216K, used 9046K [0x00000000d5580000, 0x00000000d6100000, 0x0000000100000000)
  eden space 8192K, 100% used [0x00000000d5580000,0x00000000d5d80000,0x00000000d5d80000)
  from space 1024K, 83% used [0x00000000d6000000,0x00000000d60d58d8,0x00000000d6100000)
  to   space 1536K, 0% used [0x00000000d5e00000,0x00000000d5e00000,0x00000000d5f80000)
 ParOldGen       total 92672K, used 92194K [0x0000000080000000, 0x0000000085a80000, 0x00000000d5580000)
  object space 92672K, 99% used [0x0000000080000000,0x0000000085a08910,0x0000000085a80000)
 Metaspace       used 53005K, committed 54400K, reserved 1114112K
  class space    used 5840K, committed 6400K, reserved 1048576K
}
Event: 20.016 GC heap after
{Heap after GC invocations=51 (full 2):
 PSYoungGen      total 9728K, used 1235K [0x00000000d5580000, 0x00000000d6080000, 0x0000000100000000)
  eden space 8192K, 0% used [0x00000000d5580000,0x00000000d5580000,0x00000000d5d80000)
  from space 1536K, 80% used [0x00000000d5e00000,0x00000000d5f34ea8,0x00000000d5f80000)
  to   space 1024K, 0% used [0x00000000d5f80000,0x00000000d5f80000,0x00000000d6080000)
 ParOldGen       total 93184K, used 92946K [0x0000000080000000, 0x0000000085b00000, 0x00000000d5580000)
  object space 93184K, 99% used [0x0000000080000000,0x0000000085ac4878,0x0000000085b00000)
 Metaspace       used 53005K, committed 54400K, reserved 1114112K
  class space    used 5840K, committed 6400K, reserved 1048576K
}
Event: 20.286 GC heap before
{Heap before GC invocations=52 (full 2):
 PSYoungGen      total 9728K, used 9427K [0x00000000d5580000, 0x00000000d6080000, 0x0000000100000000)
  eden space 8192K, 100% used [0x00000000d5580000,0x00000000d5d80000,0x00000000d5d80000)
  from space 1536K, 80% used [0x00000000d5e00000,0x00000000d5f34ea8,0x00000000d5f80000)
  to   space 1024K, 0% used [0x00000000d5f80000,0x00000000d5f80000,0x00000000d6080000)
 ParOldGen       total 93184K, used 92946K [0x0000000080000000, 0x0000000085b00000, 0x00000000d5580000)
  object space 93184K, 99% used [0x0000000080000000,0x0000000085ac4878,0x0000000085b00000)
 Metaspace       used 53151K, committed 54528K, reserved 1114112K
  class space    used 5854K, committed 6400K, reserved 1048576K
}
Event: 21.302 GC heap after
{Heap after GC invocations=52 (full 2):
 PSYoungGen      total 8192K, used 1021K [0x00000000d5580000, 0x00000000d6380000, 0x0000000100000000)
  eden space 7168K, 0% used [0x00000000d5580000,0x00000000d5580000,0x00000000d5c80000)
  from space 1024K, 99% used [0x00000000d5f80000,0x00000000d607f568,0x00000000d6080000)
  to   space 3072K, 0% used [0x00000000d5c80000,0x00000000d5c80000,0x00000000d5f80000)
 ParOldGen       total 94720K, used 94428K [0x0000000080000000, 0x0000000085c80000, 0x00000000d5580000)
  object space 94720K, 99% used [0x0000000080000000,0x0000000085c371d0,0x0000000085c80000)
 Metaspace       used 53151K, committed 54528K, reserved 1114112K
  class space    used 5854K, committed 6400K, reserved 1048576K
}
Event: 21.429 GC heap before
{Heap before GC invocations=53 (full 2):
 PSYoungGen      total 8192K, used 8189K [0x00000000d5580000, 0x00000000d6380000, 0x0000000100000000)
  eden space 7168K, 100% used [0x00000000d5580000,0x00000000d5c80000,0x00000000d5c80000)
  from space 1024K, 99% used [0x00000000d5f80000,0x00000000d607f568,0x00000000d6080000)
  to   space 3072K, 0% used [0x00000000d5c80000,0x00000000d5c80000,0x00000000d5f80000)
 ParOldGen       total 94720K, used 94428K [0x0000000080000000, 0x0000000085c80000, 0x00000000d5580000)
  object space 94720K, 99% used [0x0000000080000000,0x0000000085c371d0,0x0000000085c80000)
 Metaspace       used 53430K, committed 54848K, reserved 1114112K
  class space    used 5873K, committed 6464K, reserved 1048576K
}
Event: 21.433 GC heap after
{Heap after GC invocations=53 (full 2):
 PSYoungGen      total 8704K, used 1444K [0x00000000d5580000, 0x00000000d6080000, 0x0000000100000000)
  eden space 7168K, 0% used [0x00000000d5580000,0x00000000d5580000,0x00000000d5c80000)
  from space 1536K, 94% used [0x00000000d5c80000,0x00000000d5de9148,0x00000000d5e00000)
  to   space 2048K, 0% used [0x00000000d5e80000,0x00000000d5e80000,0x00000000d6080000)
 ParOldGen       total 95744K, used 95410K [0x0000000080000000, 0x0000000085d80000, 0x00000000d5580000)
  object space 95744K, 99% used [0x0000000080000000,0x0000000085d2cb00,0x0000000085d80000)
 Metaspace       used 53430K, committed 54848K, reserved 1114112K
  class space    used 5873K, committed 6464K, reserved 1048576K
}
Event: 21.527 GC heap before
{Heap before GC invocations=54 (full 2):
 PSYoungGen      total 8704K, used 8612K [0x00000000d5580000, 0x00000000d6080000, 0x0000000100000000)
  eden space 7168K, 100% used [0x00000000d5580000,0x00000000d5c80000,0x00000000d5c80000)
  from space 1536K, 94% used [0x00000000d5c80000,0x00000000d5de9148,0x00000000d5e00000)
  to   space 2048K, 0% used [0x00000000d5e80000,0x00000000d5e80000,0x00000000d6080000)
 ParOldGen       total 95744K, used 95410K [0x0000000080000000, 0x0000000085d80000, 0x00000000d5580000)
  object space 95744K, 99% used [0x0000000080000000,0x0000000085d2cb00,0x0000000085d80000)
 Metaspace       used 53636K, committed 54976K, reserved 1114112K
  class space    used 5899K, committed 6464K, reserved 1048576K
}
Event: 21.530 GC heap after
{Heap after GC invocations=54 (full 2):
 PSYoungGen      total 8704K, used 1402K [0x00000000d5580000, 0x00000000d6000000, 0x0000000100000000)
  eden space 7168K, 0% used [0x00000000d5580000,0x00000000d5580000,0x00000000d5c80000)
  from space 1536K, 91% used [0x00000000d5e80000,0x00000000d5fdebc8,0x00000000d6000000)
  to   space 1536K, 0% used [0x00000000d5c80000,0x00000000d5c80000,0x00000000d5e00000)
 ParOldGen       total 96768K, used 96667K [0x0000000080000000, 0x0000000085e80000, 0x00000000d5580000)
  object space 96768K, 99% used [0x0000000080000000,0x0000000085e66eb8,0x0000000085e80000)
 Metaspace       used 53636K, committed 54976K, reserved 1114112K
  class space    used 5899K, committed 6464K, reserved 1048576K
}
Event: 21.594 GC heap before
{Heap before GC invocations=55 (full 2):
 PSYoungGen      total 8704K, used 8555K [0x00000000d5580000, 0x00000000d6000000, 0x0000000100000000)
  eden space 7168K, 99% used [0x00000000d5580000,0x00000000d5c7c258,0x00000000d5c80000)
  from space 1536K, 91% used [0x00000000d5e80000,0x00000000d5fdebc8,0x00000000d6000000)
  to   space 1536K, 0% used [0x00000000d5c80000,0x00000000d5c80000,0x00000000d5e00000)
 ParOldGen       total 96768K, used 96667K [0x0000000080000000, 0x0000000085e80000, 0x00000000d5580000)
  object space 96768K, 99% used [0x0000000080000000,0x0000000085e66eb8,0x0000000085e80000)
 Metaspace       used 53676K, committed 55040K, reserved 1114112K
  class space    used 5906K, committed 6464K, reserved 1048576K
}

