# JRE version: Java(TM) SE Runtime Environment (22.0.2+9) (build 22.0.2+9-70)
# Java VM: Java HotSpot(TM) 64-Bit Server VM (22.0.2+9-70, mixed mode, sharing, tiered, compressed oops, compressed class ptrs, parallel gc, windows-amd64)
GC Precious Log:
 CardTable entry size: 512
 CPUs: 12 total, 12 available
 Memory: 7518M
 Large Page Support: Disabled
 NUMA Support: Disabled
 Compressed Oops: Enabled (32-bit)
 Alignments: Space 512K, Generation 512K, Heap 2M
 Heap Min Capacity: 100M
 Heap Initial Capacity: 100M
 Heap Max Capacity: 2G
 Pre-touch: Disabled
 Parallel Workers: 10
Heap:
 PSYoungGen      total 17920K, used 14338K [0x00000000d5580000, 0x00000000d6880000, 0x0000000100000000)
  eden space 16896K, 79% used [0x00000000d5580000,0x00000000d62a89b8,0x00000000d6600000)
  from space 1024K, 84% used [0x00000000d6780000,0x00000000d6858030,0x00000000d6880000)
  to   space 1024K, 0% used [0x00000000d6600000,0x00000000d6600000,0x00000000d6700000)
 ParOldGen       total 68608K, used 43123K [0x0000000080000000, 0x0000000084300000, 0x00000000d5580000)
  object space 68608K, 62% used [0x0000000080000000,0x0000000082a1cf90,0x0000000084300000)
 Metaspace       used 56744K, committed 58048K, reserved 1114112K
  class space    used 6203K, committed 6784K, reserved 1048576K
GC Heap History (20 events):
Event: 20.211 GC heap before
{Heap before GC invocations=27 (full 2):
 PSYoungGen      total 22016K, used 21728K [0x00000000d5580000, 0x00000000d6e00000, 0x0000000100000000)
  eden space 19968K, 100% used [0x00000000d5580000,0x00000000d6900000,0x00000000d6900000)
  from space 2048K, 85% used [0x00000000d6c00000,0x00000000d6db8010,0x00000000d6e00000)
  to   space 2560K, 0% used [0x00000000d6900000,0x00000000d6900000,0x00000000d6b80000)
 ParOldGen       total 68608K, used 32919K [0x0000000080000000, 0x0000000084300000, 0x00000000d5580000)
  object space 68608K, 47% used [0x0000000080000000,0x0000000082025db8,0x0000000084300000)
 Metaspace       used 53052K, committed 54272K, reserved 1114112K
  class space    used 5848K, committed 6336K, reserved 1048576K
}
Event: 20.217 GC heap after
{Heap after GC invocations=27 (full 2):
 PSYoungGen      total 21504K, used 1456K [0x00000000d5580000, 0x00000000d6d00000, 0x0000000100000000)
  eden space 19968K, 0% used [0x00000000d5580000,0x00000000d5580000,0x00000000d6900000)
  from space 1536K, 94% used [0x00000000d6900000,0x00000000d6a6c010,0x00000000d6a80000)
  to   space 2048K, 0% used [0x00000000d6b00000,0x00000000d6b00000,0x00000000d6d00000)
 ParOldGen       total 68608K, used 34562K [0x0000000080000000, 0x0000000084300000, 0x00000000d5580000)
  object space 68608K, 50% used [0x0000000080000000,0x00000000821c0a28,0x0000000084300000)
 Metaspace       used 53052K, committed 54272K, reserved 1114112K
  class space    used 5848K, committed 6336K, reserved 1048576K
}
Event: 20.970 GC heap before
{Heap before GC invocations=28 (full 2):
 PSYoungGen      total 21504K, used 21424K [0x00000000d5580000, 0x00000000d6d00000, 0x0000000100000000)
  eden space 19968K, 100% used [0x00000000d5580000,0x00000000d6900000,0x00000000d6900000)
  from space 1536K, 94% used [0x00000000d6900000,0x00000000d6a6c010,0x00000000d6a80000)
  to   space 2048K, 0% used [0x00000000d6b00000,0x00000000d6b00000,0x00000000d6d00000)
 ParOldGen       total 68608K, used 34562K [0x0000000080000000, 0x0000000084300000, 0x00000000d5580000)
  object space 68608K, 50% used [0x0000000080000000,0x00000000821c0a28,0x0000000084300000)
 Metaspace       used 54462K, committed 55744K, reserved 1114112K
  class space    used 6018K, committed 6528K, reserved 1048576K
}
Event: 20.973 GC heap after
{Heap after GC invocations=28 (full 2):
 PSYoungGen      total 19968K, used 2030K [0x00000000d5580000, 0x00000000d7100000, 0x0000000100000000)
  eden space 17920K, 0% used [0x00000000d5580000,0x00000000d5580000,0x00000000d6700000)
  from space 2048K, 99% used [0x00000000d6b00000,0x00000000d6cfbba8,0x00000000d6d00000)
  to   space 4096K, 0% used [0x00000000d6700000,0x00000000d6700000,0x00000000d6b00000)
 ParOldGen       total 68608K, used 36122K [0x0000000080000000, 0x0000000084300000, 0x00000000d5580000)
  object space 68608K, 52% used [0x0000000080000000,0x0000000082346a28,0x0000000084300000)
 Metaspace       used 54462K, committed 55744K, reserved 1114112K
  class space    used 6018K, committed 6528K, reserved 1048576K
}
Event: 22.790 GC heap before
{Heap before GC invocations=29 (full 2):
 PSYoungGen      total 19968K, used 19950K [0x00000000d5580000, 0x00000000d7100000, 0x0000000100000000)
  eden space 17920K, 100% used [0x00000000d5580000,0x00000000d6700000,0x00000000d6700000)
  from space 2048K, 99% used [0x00000000d6b00000,0x00000000d6cfbba8,0x00000000d6d00000)
  to   space 4096K, 0% used [0x00000000d6700000,0x00000000d6700000,0x00000000d6b00000)
 ParOldGen       total 68608K, used 36122K [0x0000000080000000, 0x0000000084300000, 0x00000000d5580000)
  object space 68608K, 52% used [0x0000000080000000,0x0000000082346a28,0x0000000084300000)
 Metaspace       used 55813K, committed 57088K, reserved 1114112K
  class space    used 6191K, committed 6720K, reserved 1048576K
}
Event: 22.794 GC heap after
{Heap after GC invocations=29 (full 2):
 PSYoungGen      total 19968K, used 1728K [0x00000000d5580000, 0x00000000d6c00000, 0x0000000100000000)
  eden space 17920K, 0% used [0x00000000d5580000,0x00000000d5580000,0x00000000d6700000)
  from space 2048K, 84% used [0x00000000d6700000,0x00000000d68b0000,0x00000000d6900000)
  to   space 2560K, 0% used [0x00000000d6980000,0x00000000d6980000,0x00000000d6c00000)
 ParOldGen       total 68608K, used 38120K [0x0000000080000000, 0x0000000084300000, 0x00000000d5580000)
  object space 68608K, 55% used [0x0000000080000000,0x000000008253a018,0x0000000084300000)
 Metaspace       used 55813K, committed 57088K, reserved 1114112K
  class space    used 6191K, committed 6720K, reserved 1048576K
}
Event: 23.300 GC heap before
{Heap before GC invocations=30 (full 2):
 PSYoungGen      total 19968K, used 19648K [0x00000000d5580000, 0x00000000d6c00000, 0x0000000100000000)
  eden space 17920K, 100% used [0x00000000d5580000,0x00000000d6700000,0x00000000d6700000)
  from space 2048K, 84% used [0x00000000d6700000,0x00000000d68b0000,0x00000000d6900000)
  to   space 2560K, 0% used [0x00000000d6980000,0x00000000d6980000,0x00000000d6c00000)
 ParOldGen       total 68608K, used 38120K [0x0000000080000000, 0x0000000084300000, 0x00000000d5580000)
  object space 68608K, 55% used [0x0000000080000000,0x000000008253a018,0x0000000084300000)
 Metaspace       used 55975K, committed 57280K, reserved 1114112K
  class space    used 6196K, committed 6784K, reserved 1048576K
}
Event: 23.305 GC heap after
{Heap after GC invocations=30 (full 2):
 PSYoungGen      total 19968K, used 1632K [0x00000000d5580000, 0x00000000d6b80000, 0x0000000100000000)
  eden space 17920K, 0% used [0x00000000d5580000,0x00000000d5580000,0x00000000d6700000)
  from space 2048K, 79% used [0x00000000d6980000,0x00000000d6b18000,0x00000000d6b80000)
  to   space 2048K, 0% used [0x00000000d6700000,0x00000000d6700000,0x00000000d6900000)
 ParOldGen       total 68608K, used 39228K [0x0000000080000000, 0x0000000084300000, 0x00000000d5580000)
  object space 68608K, 57% used [0x0000000080000000,0x000000008264f058,0x0000000084300000)
 Metaspace       used 55975K, committed 57280K, reserved 1114112K
  class space    used 6196K, committed 6784K, reserved 1048576K
}
Event: 24.073 GC heap before
{Heap before GC invocations=31 (full 2):
 PSYoungGen      total 19968K, used 19552K [0x00000000d5580000, 0x00000000d6b80000, 0x0000000100000000)
  eden space 17920K, 100% used [0x00000000d5580000,0x00000000d6700000,0x00000000d6700000)
  from space 2048K, 79% used [0x00000000d6980000,0x00000000d6b18000,0x00000000d6b80000)
  to   space 2048K, 0% used [0x00000000d6700000,0x00000000d6700000,0x00000000d6900000)
 ParOldGen       total 68608K, used 39228K [0x0000000080000000, 0x0000000084300000, 0x00000000d5580000)
  object space 68608K, 57% used [0x0000000080000000,0x000000008264f058,0x0000000084300000)
 Metaspace       used 56118K, committed 57408K, reserved 1114112K
  class space    used 6197K, committed 6784K, reserved 1048576K
}
Event: 24.076 GC heap after
{Heap after GC invocations=31 (full 2):
 PSYoungGen      total 18944K, used 736K [0x00000000d5580000, 0x00000000d6a00000, 0x0000000100000000)
  eden space 17920K, 0% used [0x00000000d5580000,0x00000000d5580000,0x00000000d6700000)
  from space 1024K, 71% used [0x00000000d6700000,0x00000000d67b8000,0x00000000d6800000)
  to   space 1536K, 0% used [0x00000000d6880000,0x00000000d6880000,0x00000000d6a00000)
 ParOldGen       total 68608K, used 40127K [0x0000000080000000, 0x0000000084300000, 0x00000000d5580000)
  object space 68608K, 58% used [0x0000000080000000,0x000000008272fd98,0x0000000084300000)
 Metaspace       used 56118K, committed 57408K, reserved 1114112K
  class space    used 6197K, committed 6784K, reserved 1048576K
}
Event: 24.341 GC heap before
{Heap before GC invocations=32 (full 2):
 PSYoungGen      total 18944K, used 18656K [0x00000000d5580000, 0x00000000d6a00000, 0x0000000100000000)
  eden space 17920K, 100% used [0x00000000d5580000,0x00000000d6700000,0x00000000d6700000)
  from space 1024K, 71% used [0x00000000d6700000,0x00000000d67b8000,0x00000000d6800000)
  to   space 1536K, 0% used [0x00000000d6880000,0x00000000d6880000,0x00000000d6a00000)
 ParOldGen       total 68608K, used 40127K [0x0000000080000000, 0x0000000084300000, 0x00000000d5580000)
  object space 68608K, 58% used [0x0000000080000000,0x000000008272fd98,0x0000000084300000)
 Metaspace       used 56209K, committed 57472K, reserved 1114112K
  class space    used 6198K, committed 6784K, reserved 1048576K
}
Event: 24.343 GC heap after
{Heap after GC invocations=32 (full 2):
 PSYoungGen      total 19456K, used 1248K [0x00000000d5580000, 0x00000000d6a00000, 0x0000000100000000)
  eden space 17920K, 0% used [0x00000000d5580000,0x00000000d5580000,0x00000000d6700000)
  from space 1536K, 81% used [0x00000000d6880000,0x00000000d69b8000,0x00000000d6a00000)
  to   space 1536K, 0% used [0x00000000d6700000,0x00000000d6700000,0x00000000d6880000)
 ParOldGen       total 68608K, used 40643K [0x0000000080000000, 0x0000000084300000, 0x00000000d5580000)
  object space 68608K, 59% used [0x0000000080000000,0x00000000827b0e38,0x0000000084300000)
 Metaspace       used 56209K, committed 57472K, reserved 1114112K
  class space    used 6198K, committed 6784K, reserved 1048576K
}
Event: 24.926 GC heap before
{Heap before GC invocations=33 (full 2):
 PSYoungGen      total 19456K, used 19168K [0x00000000d5580000, 0x00000000d6a00000, 0x0000000100000000)
  eden space 17920K, 100% used [0x00000000d5580000,0x00000000d6700000,0x00000000d6700000)
  from space 1536K, 81% used [0x00000000d6880000,0x00000000d69b8000,0x00000000d6a00000)
  to   space 1536K, 0% used [0x00000000d6700000,0x00000000d6700000,0x00000000d6880000)
 ParOldGen       total 68608K, used 40643K [0x0000000080000000, 0x0000000084300000, 0x00000000d5580000)
  object space 68608K, 59% used [0x0000000080000000,0x00000000827b0e38,0x0000000084300000)
 Metaspace       used 56366K, committed 57664K, reserved 1114112K
  class space    used 6201K, committed 6784K, reserved 1048576K
}
Event: 24.930 GC heap after
{Heap after GC invocations=33 (full 2):
 PSYoungGen      total 18944K, used 864K [0x00000000d5580000, 0x00000000d6900000, 0x0000000100000000)
  eden space 17920K, 0% used [0x00000000d5580000,0x00000000d5580000,0x00000000d6700000)
  from space 1024K, 84% used [0x00000000d6700000,0x00000000d67d8000,0x00000000d6800000)
  to   space 1024K, 0% used [0x00000000d6800000,0x00000000d6800000,0x00000000d6900000)
 ParOldGen       total 68608K, used 41395K [0x0000000080000000, 0x0000000084300000, 0x00000000d5580000)
  object space 68608K, 60% used [0x0000000080000000,0x000000008286ce38,0x0000000084300000)
 Metaspace       used 56366K, committed 57664K, reserved 1114112K
  class space    used 6201K, committed 6784K, reserved 1048576K
}
Event: 25.114 GC heap before
{Heap before GC invocations=34 (full 2):
 PSYoungGen      total 18944K, used 18784K [0x00000000d5580000, 0x00000000d6900000, 0x0000000100000000)
  eden space 17920K, 100% used [0x00000000d5580000,0x00000000d6700000,0x00000000d6700000)
  from space 1024K, 84% used [0x00000000d6700000,0x00000000d67d8000,0x00000000d6800000)
  to   space 1024K, 0% used [0x00000000d6800000,0x00000000d6800000,0x00000000d6900000)
 ParOldGen       total 68608K, used 41395K [0x0000000080000000, 0x0000000084300000, 0x00000000d5580000)
  object space 68608K, 60% used [0x0000000080000000,0x000000008286ce38,0x0000000084300000)
 Metaspace       used 56465K, committed 57728K, reserved 1114112K
  class space    used 6202K, committed 6784K, reserved 1048576K
}
Event: 25.117 GC heap after
{Heap after GC invocations=34 (full 2):
 PSYoungGen      total 17920K, used 1024K [0x00000000d5580000, 0x00000000d6b00000, 0x0000000100000000)
  eden space 16896K, 0% used [0x00000000d5580000,0x00000000d5580000,0x00000000d6600000)
  from space 1024K, 100% used [0x00000000d6800000,0x00000000d6900000,0x00000000d6900000)
  to   space 2048K, 0% used [0x00000000d6600000,0x00000000d6600000,0x00000000d6800000)
 ParOldGen       total 68608K, used 42019K [0x0000000080000000, 0x0000000084300000, 0x00000000d5580000)
  object space 68608K, 61% used [0x0000000080000000,0x0000000082908e38,0x0000000084300000)
 Metaspace       used 56465K, committed 57728K, reserved 1114112K
  class space    used 6202K, committed 6784K, reserved 1048576K
}
Event: 25.439 GC heap before
{Heap before GC invocations=35 (full 2):
 PSYoungGen      total 17920K, used 17920K [0x00000000d5580000, 0x00000000d6b00000, 0x0000000100000000)
  eden space 16896K, 100% used [0x00000000d5580000,0x00000000d6600000,0x00000000d6600000)
  from space 1024K, 100% used [0x00000000d6800000,0x00000000d6900000,0x00000000d6900000)
  to   space 2048K, 0% used [0x00000000d6600000,0x00000000d6600000,0x00000000d6800000)
 ParOldGen       total 68608K, used 42019K [0x0000000080000000, 0x0000000084300000, 0x00000000d5580000)
  object space 68608K, 61% used [0x0000000080000000,0x0000000082908e38,0x0000000084300000)
 Metaspace       used 56566K, committed 57856K, reserved 1114112K
  class space    used 6203K, committed 6784K, reserved 1048576K
}
Event: 25.441 GC heap after
{Heap after GC invocations=35 (full 2):
 PSYoungGen      total 17920K, used 896K [0x00000000d5580000, 0x00000000d6900000, 0x0000000100000000)
  eden space 16896K, 0% used [0x00000000d5580000,0x00000000d5580000,0x00000000d6600000)
  from space 1024K, 87% used [0x00000000d6600000,0x00000000d66e0000,0x00000000d6700000)
  to   space 1536K, 0% used [0x00000000d6780000,0x00000000d6780000,0x00000000d6900000)
 ParOldGen       total 68608K, used 42731K [0x0000000080000000, 0x0000000084300000, 0x00000000d5580000)
  object space 68608K, 62% used [0x0000000080000000,0x00000000829baf90,0x0000000084300000)
 Metaspace       used 56566K, committed 57856K, reserved 1114112K
  class space    used 6203K, committed 6784K, reserved 1048576K
}
Event: 25.746 GC heap before
{Heap before GC invocations=36 (full 2):
 PSYoungGen      total 17920K, used 17792K [0x00000000d5580000, 0x00000000d6900000, 0x0000000100000000)
  eden space 16896K, 100% used [0x00000000d5580000,0x00000000d6600000,0x00000000d6600000)
  from space 1024K, 87% used [0x00000000d6600000,0x00000000d66e0000,0x00000000d6700000)
  to   space 1536K, 0% used [0x00000000d6780000,0x00000000d6780000,0x00000000d6900000)
 ParOldGen       total 68608K, used 42731K [0x0000000080000000, 0x0000000084300000, 0x00000000d5580000)
  object space 68608K, 62% used [0x0000000080000000,0x00000000829baf90,0x0000000084300000)
 Metaspace       used 56683K, committed 57920K, reserved 1114112K
  class space    used 6203K, committed 6784K, reserved 1048576K
}
Event: 25.748 GC heap after
{Heap after GC invocations=36 (full 2):
 PSYoungGen      total 17920K, used 864K [0x00000000d5580000, 0x00000000d6880000, 0x0000000100000000)
  eden space 16896K, 0% used [0x00000000d5580000,0x00000000d5580000,0x00000000d6600000)
  from space 1024K, 84% used [0x00000000d6780000,0x00000000d6858030,0x00000000d6880000)
  to   space 1024K, 0% used [0x00000000d6600000,0x00000000d6600000,0x00000000d6700000)
 ParOldGen       total 68608K, used 43123K [0x0000000080000000, 0x0000000084300000, 0x00000000d5580000)
  object space 68608K, 62% used [0x0000000080000000,0x0000000082a1cf90,0x0000000084300000)
 Metaspace       used 56683K, committed 57920K, reserved 1114112K
  class space    used 6203K, committed 6784K, reserved 1048576K
}

