# JRE version: Java(TM) SE Runtime Environment (22.0.2+9) (build 22.0.2+9-70)
# Java VM: Java HotSpot(TM) 64-Bit Server VM (22.0.2+9-70, mixed mode, sharing, tiered, compressed oops, compressed class ptrs, parallel gc, windows-amd64)
GC Precious Log:
 CardTable entry size: 512
 CPUs: 12 total, 12 available
 Memory: 7518M
 Large Page Support: Disabled
 NUMA Support: Disabled
 Compressed Oops: Enabled (32-bit)
 Alignments: Space 512K, Generation 512K, Heap 2M
 Heap Min Capacity: 100M
 Heap Initial Capacity: 100M
 Heap Max Capacity: 2G
 Pre-touch: Disabled
 Parallel Workers: 10
Heap:
 PSYoungGen      total 13312K, used 2546K [0x00000000d5580000, 0x00000000d6500000, 0x0000000100000000)
  eden space 10752K, 0% used [0x00000000d5580000,0x00000000d5580000,0x00000000d6000000)
  from space 2560K, 99% used [0x00000000d6000000,0x00000000d627c910,0x00000000d6280000)
  to   space 2560K, 0% used [0x00000000d6280000,0x00000000d6280000,0x00000000d6500000)
 ParOldGen       total 163328K, used 163169K [0x0000000080000000, 0x0000000089f80000, 0x00000000d5580000)
  object space 163328K, 99% used [0x0000000080000000,0x0000000089f58458,0x0000000089f80000)
 Metaspace       used 54340K, committed 55680K, reserved 1114112K
  class space    used 5945K, committed 6528K, reserved 1048576K
GC Heap History (20 events):
Event: 12.481 GC heap after
{Heap after GC invocations=57 (full 2):
 PSYoungGen      total 17408K, used 2905K [0x00000000d5580000, 0x00000000d6980000, 0x0000000100000000)
  eden space 14336K, 0% used [0x00000000d5580000,0x00000000d5580000,0x00000000d6380000)
  from space 3072K, 94% used [0x00000000d6380000,0x00000000d6656700,0x00000000d6680000)
  to   space 3072K, 0% used [0x00000000d6680000,0x00000000d6680000,0x00000000d6980000)
 ParOldGen       total 140288K, used 140241K [0x0000000080000000, 0x0000000088900000, 0x00000000d5580000)
  object space 140288K, 99% used [0x0000000080000000,0x00000000888f4740,0x0000000088900000)
 Metaspace       used 54073K, committed 55424K, reserved 1114112K
  class space    used 5944K, committed 6528K, reserved 1048576K
}
Event: 12.543 GC heap before
{Heap before GC invocations=58 (full 2):
 PSYoungGen      total 17408K, used 17241K [0x00000000d5580000, 0x00000000d6980000, 0x0000000100000000)
  eden space 14336K, 100% used [0x00000000d5580000,0x00000000d6380000,0x00000000d6380000)
  from space 3072K, 94% used [0x00000000d6380000,0x00000000d6656700,0x00000000d6680000)
  to   space 3072K, 0% used [0x00000000d6680000,0x00000000d6680000,0x00000000d6980000)
 ParOldGen       total 140288K, used 140241K [0x0000000080000000, 0x0000000088900000, 0x00000000d5580000)
  object space 140288K, 99% used [0x0000000080000000,0x00000000888f4740,0x0000000088900000)
 Metaspace       used 54087K, committed 55424K, reserved 1114112K
  class space    used 5944K, committed 6528K, reserved 1048576K
}
Event: 12.546 GC heap after
{Heap after GC invocations=58 (full 2):
 PSYoungGen      total 17408K, used 2979K [0x00000000d5580000, 0x00000000d6980000, 0x0000000100000000)
  eden space 14336K, 0% used [0x00000000d5580000,0x00000000d5580000,0x00000000d6380000)
  from space 3072K, 96% used [0x00000000d6680000,0x00000000d6968c20,0x00000000d6980000)
  to   space 3072K, 0% used [0x00000000d6380000,0x00000000d6380000,0x00000000d6680000)
 ParOldGen       total 143360K, used 142989K [0x0000000080000000, 0x0000000088c00000, 0x00000000d5580000)
  object space 143360K, 99% used [0x0000000080000000,0x0000000088ba3580,0x0000000088c00000)
 Metaspace       used 54087K, committed 55424K, reserved 1114112K
  class space    used 5944K, committed 6528K, reserved 1048576K
}
Event: 12.604 GC heap before
{Heap before GC invocations=59 (full 2):
 PSYoungGen      total 17408K, used 17315K [0x00000000d5580000, 0x00000000d6980000, 0x0000000100000000)
  eden space 14336K, 100% used [0x00000000d5580000,0x00000000d6380000,0x00000000d6380000)
  from space 3072K, 96% used [0x00000000d6680000,0x00000000d6968c20,0x00000000d6980000)
  to   space 3072K, 0% used [0x00000000d6380000,0x00000000d6380000,0x00000000d6680000)
 ParOldGen       total 143360K, used 142989K [0x0000000080000000, 0x0000000088c00000, 0x00000000d5580000)
  object space 143360K, 99% used [0x0000000080000000,0x0000000088ba3580,0x0000000088c00000)
 Metaspace       used 54108K, committed 55424K, reserved 1114112K
  class space    used 5944K, committed 6528K, reserved 1048576K
}
Event: 12.607 GC heap after
{Heap after GC invocations=59 (full 2):
 PSYoungGen      total 17408K, used 2819K [0x00000000d5580000, 0x00000000d6980000, 0x0000000100000000)
  eden space 14336K, 0% used [0x00000000d5580000,0x00000000d5580000,0x00000000d6380000)
  from space 3072K, 91% used [0x00000000d6380000,0x00000000d6640f20,0x00000000d6680000)
  to   space 3072K, 0% used [0x00000000d6680000,0x00000000d6680000,0x00000000d6980000)
 ParOldGen       total 145920K, used 145764K [0x0000000080000000, 0x0000000088e80000, 0x00000000d5580000)
  object space 145920K, 99% used [0x0000000080000000,0x0000000088e590a0,0x0000000088e80000)
 Metaspace       used 54108K, committed 55424K, reserved 1114112K
  class space    used 5944K, committed 6528K, reserved 1048576K
}
Event: 12.670 GC heap before
{Heap before GC invocations=60 (full 2):
 PSYoungGen      total 17408K, used 17155K [0x00000000d5580000, 0x00000000d6980000, 0x0000000100000000)
  eden space 14336K, 100% used [0x00000000d5580000,0x00000000d6380000,0x00000000d6380000)
  from space 3072K, 91% used [0x00000000d6380000,0x00000000d6640f20,0x00000000d6680000)
  to   space 3072K, 0% used [0x00000000d6680000,0x00000000d6680000,0x00000000d6980000)
 ParOldGen       total 145920K, used 145764K [0x0000000080000000, 0x0000000088e80000, 0x00000000d5580000)
  object space 145920K, 99% used [0x0000000080000000,0x0000000088e590a0,0x0000000088e80000)
 Metaspace       used 54131K, committed 55424K, reserved 1114112K
  class space    used 5944K, committed 6528K, reserved 1048576K
}
Event: 12.673 GC heap after
{Heap after GC invocations=60 (full 2):
 PSYoungGen      total 13824K, used 3071K [0x00000000d5580000, 0x00000000d7080000, 0x0000000100000000)
  eden space 10752K, 0% used [0x00000000d5580000,0x00000000d5580000,0x00000000d6000000)
  from space 3072K, 99% used [0x00000000d6680000,0x00000000d697fc48,0x00000000d6980000)
  to   space 6656K, 0% used [0x00000000d6000000,0x00000000d6000000,0x00000000d6680000)
 ParOldGen       total 148480K, used 148466K [0x0000000080000000, 0x0000000089100000, 0x00000000d5580000)
  object space 148480K, 99% used [0x0000000080000000,0x00000000890fc958,0x0000000089100000)
 Metaspace       used 54131K, committed 55424K, reserved 1114112K
  class space    used 5944K, committed 6528K, reserved 1048576K
}
Event: 12.720 GC heap before
{Heap before GC invocations=61 (full 2):
 PSYoungGen      total 13824K, used 13823K [0x00000000d5580000, 0x00000000d7080000, 0x0000000100000000)
  eden space 10752K, 100% used [0x00000000d5580000,0x00000000d6000000,0x00000000d6000000)
  from space 3072K, 99% used [0x00000000d6680000,0x00000000d697fc48,0x00000000d6980000)
  to   space 6656K, 0% used [0x00000000d6000000,0x00000000d6000000,0x00000000d6680000)
 ParOldGen       total 148480K, used 148466K [0x0000000080000000, 0x0000000089100000, 0x00000000d5580000)
  object space 148480K, 99% used [0x0000000080000000,0x00000000890fc958,0x0000000089100000)
 Metaspace       used 54154K, committed 55488K, reserved 1114112K
  class space    used 5945K, committed 6528K, reserved 1048576K
}
Event: 12.724 GC heap after
{Heap after GC invocations=61 (full 2):
 PSYoungGen      total 13312K, used 2110K [0x00000000d5580000, 0x00000000d6700000, 0x0000000100000000)
  eden space 10752K, 0% used [0x00000000d5580000,0x00000000d5580000,0x00000000d6000000)
  from space 2560K, 82% used [0x00000000d6000000,0x00000000d620f818,0x00000000d6280000)
  to   space 3584K, 0% used [0x00000000d6380000,0x00000000d6380000,0x00000000d6700000)
 ParOldGen       total 151552K, used 151491K [0x0000000080000000, 0x0000000089400000, 0x00000000d5580000)
  object space 151552K, 99% used [0x0000000080000000,0x00000000893f0f00,0x0000000089400000)
 Metaspace       used 54154K, committed 55488K, reserved 1114112K
  class space    used 5945K, committed 6528K, reserved 1048576K
}
Event: 12.779 GC heap before
{Heap before GC invocations=62 (full 2):
 PSYoungGen      total 13312K, used 12862K [0x00000000d5580000, 0x00000000d6700000, 0x0000000100000000)
  eden space 10752K, 100% used [0x00000000d5580000,0x00000000d6000000,0x00000000d6000000)
  from space 2560K, 82% used [0x00000000d6000000,0x00000000d620f818,0x00000000d6280000)
  to   space 3584K, 0% used [0x00000000d6380000,0x00000000d6380000,0x00000000d6700000)
 ParOldGen       total 151552K, used 151491K [0x0000000080000000, 0x0000000089400000, 0x00000000d5580000)
  object space 151552K, 99% used [0x0000000080000000,0x00000000893f0f00,0x0000000089400000)
 Metaspace       used 54177K, committed 55488K, reserved 1114112K
  class space    used 5945K, committed 6528K, reserved 1048576K
}
Event: 12.783 GC heap after
{Heap after GC invocations=62 (full 2):
 PSYoungGen      total 13312K, used 2355K [0x00000000d5580000, 0x00000000d6600000, 0x0000000100000000)
  eden space 10752K, 0% used [0x00000000d5580000,0x00000000d5580000,0x00000000d6000000)
  from space 2560K, 92% used [0x00000000d6380000,0x00000000d65ccee0,0x00000000d6600000)
  to   space 2560K, 0% used [0x00000000d6000000,0x00000000d6000000,0x00000000d6280000)
 ParOldGen       total 153600K, used 153371K [0x0000000080000000, 0x0000000089600000, 0x00000000d5580000)
  object space 153600K, 99% used [0x0000000080000000,0x00000000895c6f30,0x0000000089600000)
 Metaspace       used 54177K, committed 55488K, reserved 1114112K
  class space    used 5945K, committed 6528K, reserved 1048576K
}
Event: 12.857 GC heap before
{Heap before GC invocations=63 (full 2):
 PSYoungGen      total 13312K, used 13107K [0x00000000d5580000, 0x00000000d6600000, 0x0000000100000000)
  eden space 10752K, 100% used [0x00000000d5580000,0x00000000d6000000,0x00000000d6000000)
  from space 2560K, 92% used [0x00000000d6380000,0x00000000d65ccee0,0x00000000d6600000)
  to   space 2560K, 0% used [0x00000000d6000000,0x00000000d6000000,0x00000000d6280000)
 ParOldGen       total 153600K, used 153371K [0x0000000080000000, 0x0000000089600000, 0x00000000d5580000)
  object space 153600K, 99% used [0x0000000080000000,0x00000000895c6f30,0x0000000089600000)
 Metaspace       used 54189K, committed 55488K, reserved 1114112K
  class space    used 5945K, committed 6528K, reserved 1048576K
}
Event: 12.860 GC heap after
{Heap after GC invocations=63 (full 2):
 PSYoungGen      total 13312K, used 2072K [0x00000000d5580000, 0x00000000d6500000, 0x0000000100000000)
  eden space 10752K, 0% used [0x00000000d5580000,0x00000000d5580000,0x00000000d6000000)
  from space 2560K, 80% used [0x00000000d6000000,0x00000000d62062f0,0x00000000d6280000)
  to   space 2560K, 0% used [0x00000000d6280000,0x00000000d6280000,0x00000000d6500000)
 ParOldGen       total 155648K, used 155298K [0x0000000080000000, 0x0000000089800000, 0x00000000d5580000)
  object space 155648K, 99% used [0x0000000080000000,0x00000000897a8b70,0x0000000089800000)
 Metaspace       used 54189K, committed 55488K, reserved 1114112K
  class space    used 5945K, committed 6528K, reserved 1048576K
}
Event: 12.912 GC heap before
{Heap before GC invocations=64 (full 2):
 PSYoungGen      total 13312K, used 12824K [0x00000000d5580000, 0x00000000d6500000, 0x0000000100000000)
  eden space 10752K, 100% used [0x00000000d5580000,0x00000000d6000000,0x00000000d6000000)
  from space 2560K, 80% used [0x00000000d6000000,0x00000000d62062f0,0x00000000d6280000)
  to   space 2560K, 0% used [0x00000000d6280000,0x00000000d6280000,0x00000000d6500000)
 ParOldGen       total 155648K, used 155298K [0x0000000080000000, 0x0000000089800000, 0x00000000d5580000)
  object space 155648K, 99% used [0x0000000080000000,0x00000000897a8b70,0x0000000089800000)
 Metaspace       used 54200K, committed 55552K, reserved 1114112K
  class space    used 5945K, committed 6528K, reserved 1048576K
}
Event: 12.915 GC heap after
{Heap after GC invocations=64 (full 2):
 PSYoungGen      total 13312K, used 2101K [0x00000000d5580000, 0x00000000d6500000, 0x0000000100000000)
  eden space 10752K, 0% used [0x00000000d5580000,0x00000000d5580000,0x00000000d6000000)
  from space 2560K, 82% used [0x00000000d6280000,0x00000000d648d400,0x00000000d6500000)
  to   space 2560K, 0% used [0x00000000d6000000,0x00000000d6000000,0x00000000d6280000)
 ParOldGen       total 157696K, used 157231K [0x0000000080000000, 0x0000000089a00000, 0x00000000d5580000)
  object space 157696K, 99% used [0x0000000080000000,0x000000008998bc40,0x0000000089a00000)
 Metaspace       used 54200K, committed 55552K, reserved 1114112K
  class space    used 5945K, committed 6528K, reserved 1048576K
}
Event: 12.963 GC heap before
{Heap before GC invocations=65 (full 2):
 PSYoungGen      total 13312K, used 12853K [0x00000000d5580000, 0x00000000d6500000, 0x0000000100000000)
  eden space 10752K, 100% used [0x00000000d5580000,0x00000000d6000000,0x00000000d6000000)
  from space 2560K, 82% used [0x00000000d6280000,0x00000000d648d400,0x00000000d6500000)
  to   space 2560K, 0% used [0x00000000d6000000,0x00000000d6000000,0x00000000d6280000)
 ParOldGen       total 157696K, used 157231K [0x0000000080000000, 0x0000000089a00000, 0x00000000d5580000)
  object space 157696K, 99% used [0x0000000080000000,0x000000008998bc40,0x0000000089a00000)
 Metaspace       used 54221K, committed 55616K, reserved 1114112K
  class space    used 5945K, committed 6528K, reserved 1048576K
}
Event: 12.966 GC heap after
{Heap after GC invocations=65 (full 2):
 PSYoungGen      total 13312K, used 2138K [0x00000000d5580000, 0x00000000d6500000, 0x0000000100000000)
  eden space 10752K, 0% used [0x00000000d5580000,0x00000000d5580000,0x00000000d6000000)
  from space 2560K, 83% used [0x00000000d6000000,0x00000000d6216ac0,0x00000000d6280000)
  to   space 2560K, 0% used [0x00000000d6280000,0x00000000d6280000,0x00000000d6500000)
 ParOldGen       total 159232K, used 159168K [0x0000000080000000, 0x0000000089b80000, 0x00000000d5580000)
  object space 159232K, 99% used [0x0000000080000000,0x0000000089b70308,0x0000000089b80000)
 Metaspace       used 54221K, committed 55616K, reserved 1114112K
  class space    used 5945K, committed 6528K, reserved 1048576K
}
Event: 13.021 GC heap before
{Heap before GC invocations=66 (full 2):
 PSYoungGen      total 13312K, used 12890K [0x00000000d5580000, 0x00000000d6500000, 0x0000000100000000)
  eden space 10752K, 100% used [0x00000000d5580000,0x00000000d6000000,0x00000000d6000000)
  from space 2560K, 83% used [0x00000000d6000000,0x00000000d6216ac0,0x00000000d6280000)
  to   space 2560K, 0% used [0x00000000d6280000,0x00000000d6280000,0x00000000d6500000)
 ParOldGen       total 159232K, used 159168K [0x0000000080000000, 0x0000000089b80000, 0x00000000d5580000)
  object space 159232K, 99% used [0x0000000080000000,0x0000000089b70308,0x0000000089b80000)
 Metaspace       used 54295K, committed 55680K, reserved 1114112K
  class space    used 5945K, committed 6528K, reserved 1048576K
}
Event: 13.024 GC heap after
{Heap after GC invocations=66 (full 2):
 PSYoungGen      total 13312K, used 2134K [0x00000000d5580000, 0x00000000d6500000, 0x0000000100000000)
  eden space 10752K, 0% used [0x00000000d5580000,0x00000000d5580000,0x00000000d6000000)
  from space 2560K, 83% used [0x00000000d6280000,0x00000000d6495b88,0x00000000d6500000)
  to   space 2560K, 0% used [0x00000000d6000000,0x00000000d6000000,0x00000000d6280000)
 ParOldGen       total 161280K, used 161075K [0x0000000080000000, 0x0000000089d80000, 0x00000000d5580000)
  object space 161280K, 99% used [0x0000000080000000,0x0000000089d4ce20,0x0000000089d80000)
 Metaspace       used 54295K, committed 55680K, reserved 1114112K
  class space    used 5945K, committed 6528K, reserved 1048576K
}
Event: 13.062 GC heap before
{Heap before GC invocations=67 (full 2):
 PSYoungGen      total 13312K, used 12886K [0x00000000d5580000, 0x00000000d6500000, 0x0000000100000000)
  eden space 10752K, 100% used [0x00000000d5580000,0x00000000d6000000,0x00000000d6000000)
  from space 2560K, 83% used [0x00000000d6280000,0x00000000d6495b88,0x00000000d6500000)
  to   space 2560K, 0% used [0x00000000d6000000,0x00000000d6000000,0x00000000d6280000)
 ParOldGen       total 161280K, used 161075K [0x0000000080000000, 0x0000000089d80000, 0x00000000d5580000)
  object space 161280K, 99% used [0x0000000080000000,0x0000000089d4ce20,0x0000000089d80000)
 Metaspace       used 54340K, committed 55680K, reserved 1114112K
  class space    used 5945K, committed 6528K, reserved 1048576K
}

