# JRE version: Java(TM) SE Runtime Environment (22.0.2+9) (build 22.0.2+9-70)
# Java VM: Java HotSpot(TM) 64-Bit Server VM (22.0.2+9-70, mixed mode, sharing, tiered, compressed oops, compressed class ptrs, parallel gc, windows-amd64)
GC Precious Log:
 CardTable entry size: 512
 CPUs: 12 total, 12 available
 Memory: 7518M
 Large Page Support: Disabled
 NUMA Support: Disabled
 Compressed Oops: Enabled (32-bit)
 Alignments: Space 512K, Generation 512K, Heap 2M
 Heap Min Capacity: 100M
 Heap Initial Capacity: 100M
 Heap Max Capacity: 2G
 Pre-touch: Disabled
 Parallel Workers: 10
Heap:
 PSYoungGen      total 5632K, used 5184K [0x00000000d5580000, 0x00000000d5d80000, 0x0000000100000000)
  eden space 4096K, 100% used [0x00000000d5580000,0x00000000d5980000,0x00000000d5980000)
  from space 1536K, 70% used [0x00000000d5980000,0x00000000d5a90000,0x00000000d5b00000)
  to   space 1536K, 0% used [0x00000000d5c00000,0x00000000d5c00000,0x00000000d5d80000)
 ParOldGen       total 630272K, used 345594K [0x0000000080000000, 0x00000000a6780000, 0x00000000d5580000)
  object space 630272K, 54% used [0x0000000080000000,0x000000009517e860,0x00000000a6780000)
 Metaspace       used 62172K, committed 63680K, reserved 1114112K
  class space    used 6643K, committed 7296K, reserved 1048576K
GC Heap History (20 events):
Event: 48.761 GC heap before
{Heap before GC invocations=1713 (full 3):
 PSYoungGen      total 3072K, used 2752K [0x00000000d5580000, 0x00000000d5a00000, 0x0000000100000000)
  eden space 2048K, 100% used [0x00000000d5580000,0x00000000d5780000,0x00000000d5780000)
  from space 1024K, 68% used [0x00000000d5780000,0x00000000d5830000,0x00000000d5880000)
  to   space 1024K, 0% used [0x00000000d5900000,0x00000000d5900000,0x00000000d5a00000)
 ParOldGen       total 630272K, used 330896K [0x0000000080000000, 0x00000000a6780000, 0x00000000d5580000)
  object space 630272K, 52% used [0x0000000080000000,0x00000000943240a8,0x00000000a6780000)
 Metaspace       used 60855K, committed 62400K, reserved 1114112K
  class space    used 6544K, committed 7168K, reserved 1048576K
}
Event: 48.763 GC heap after
{Heap after GC invocations=1713 (full 3):
 PSYoungGen      total 3584K, used 704K [0x00000000d5580000, 0x00000000d5a00000, 0x0000000100000000)
  eden space 2560K, 0% used [0x00000000d5580000,0x00000000d5580000,0x00000000d5800000)
  from space 1024K, 68% used [0x00000000d5900000,0x00000000d59b0000,0x00000000d5a00000)
  to   space 1024K, 0% used [0x00000000d5800000,0x00000000d5800000,0x00000000d5900000)
 ParOldGen       total 630272K, used 331488K [0x0000000080000000, 0x00000000a6780000, 0x00000000d5580000)
  object space 630272K, 52% used [0x0000000080000000,0x00000000943b80a8,0x00000000a6780000)
 Metaspace       used 60855K, committed 62400K, reserved 1114112K
  class space    used 6544K, committed 7168K, reserved 1048576K
}
Event: 48.772 GC heap before
{Heap before GC invocations=1714 (full 3):
 PSYoungGen      total 3584K, used 3264K [0x00000000d5580000, 0x00000000d5a00000, 0x0000000100000000)
  eden space 2560K, 100% used [0x00000000d5580000,0x00000000d5800000,0x00000000d5800000)
  from space 1024K, 68% used [0x00000000d5900000,0x00000000d59b0000,0x00000000d5a00000)
  to   space 1024K, 0% used [0x00000000d5800000,0x00000000d5800000,0x00000000d5900000)
 ParOldGen       total 630272K, used 331488K [0x0000000080000000, 0x00000000a6780000, 0x00000000d5580000)
  object space 630272K, 52% used [0x0000000080000000,0x00000000943b80a8,0x00000000a6780000)
 Metaspace       used 60892K, committed 62464K, reserved 1114112K
  class space    used 6544K, committed 7168K, reserved 1048576K
}
Event: 48.775 GC heap after
{Heap after GC invocations=1714 (full 3):
 PSYoungGen      total 3584K, used 1000K [0x00000000d5580000, 0x00000000d5d80000, 0x0000000100000000)
  eden space 2560K, 0% used [0x00000000d5580000,0x00000000d5580000,0x00000000d5800000)
  from space 1024K, 97% used [0x00000000d5800000,0x00000000d58fa000,0x00000000d5900000)
  to   space 2560K, 0% used [0x00000000d5b00000,0x00000000d5b00000,0x00000000d5d80000)
 ParOldGen       total 630272K, used 332618K [0x0000000080000000, 0x00000000a6780000, 0x00000000d5580000)
  object space 630272K, 52% used [0x0000000080000000,0x00000000944d2938,0x00000000a6780000)
 Metaspace       used 60892K, committed 62464K, reserved 1114112K
  class space    used 6544K, committed 7168K, reserved 1048576K
}
Event: 48.784 GC heap before
{Heap before GC invocations=1715 (full 3):
 PSYoungGen      total 3584K, used 3560K [0x00000000d5580000, 0x00000000d5d80000, 0x0000000100000000)
  eden space 2560K, 100% used [0x00000000d5580000,0x00000000d5800000,0x00000000d5800000)
  from space 1024K, 97% used [0x00000000d5800000,0x00000000d58fa000,0x00000000d5900000)
  to   space 2560K, 0% used [0x00000000d5b00000,0x00000000d5b00000,0x00000000d5d80000)
 ParOldGen       total 630272K, used 332618K [0x0000000080000000, 0x00000000a6780000, 0x00000000d5580000)
  object space 630272K, 52% used [0x0000000080000000,0x00000000944d2938,0x00000000a6780000)
 Metaspace       used 60942K, committed 62528K, reserved 1114112K
  class space    used 6551K, committed 7168K, reserved 1048576K
}
Event: 48.787 GC heap after
{Heap after GC invocations=1715 (full 3):
 PSYoungGen      total 4608K, used 1145K [0x00000000d5580000, 0x00000000d5c80000, 0x0000000100000000)
  eden space 3072K, 0% used [0x00000000d5580000,0x00000000d5580000,0x00000000d5880000)
  from space 1536K, 74% used [0x00000000d5b00000,0x00000000d5c1e4c8,0x00000000d5c80000)
  to   space 1536K, 0% used [0x00000000d5980000,0x00000000d5980000,0x00000000d5b00000)
 ParOldGen       total 630272K, used 333618K [0x0000000080000000, 0x00000000a6780000, 0x00000000d5580000)
  object space 630272K, 52% used [0x0000000080000000,0x00000000945cc938,0x00000000a6780000)
 Metaspace       used 60942K, committed 62528K, reserved 1114112K
  class space    used 6551K, committed 7168K, reserved 1048576K
}
Event: 48.798 GC heap before
{Heap before GC invocations=1716 (full 3):
 PSYoungGen      total 4608K, used 4217K [0x00000000d5580000, 0x00000000d5c80000, 0x0000000100000000)
  eden space 3072K, 100% used [0x00000000d5580000,0x00000000d5880000,0x00000000d5880000)
  from space 1536K, 74% used [0x00000000d5b00000,0x00000000d5c1e4c8,0x00000000d5c80000)
  to   space 1536K, 0% used [0x00000000d5980000,0x00000000d5980000,0x00000000d5b00000)
 ParOldGen       total 630272K, used 333618K [0x0000000080000000, 0x00000000a6780000, 0x00000000d5580000)
  object space 630272K, 52% used [0x0000000080000000,0x00000000945cc938,0x00000000a6780000)
 Metaspace       used 60974K, committed 62528K, reserved 1114112K
  class space    used 6552K, committed 7168K, reserved 1048576K
}
Event: 48.801 GC heap after
{Heap after GC invocations=1716 (full 3):
 PSYoungGen      total 5632K, used 1512K [0x00000000d5580000, 0x00000000d6080000, 0x0000000100000000)
  eden space 4096K, 0% used [0x00000000d5580000,0x00000000d5580000,0x00000000d5980000)
  from space 1536K, 98% used [0x00000000d5980000,0x00000000d5afa220,0x00000000d5b00000)
  to   space 3584K, 0% used [0x00000000d5d00000,0x00000000d5d00000,0x00000000d6080000)
 ParOldGen       total 630272K, used 335074K [0x0000000080000000, 0x00000000a6780000, 0x00000000d5580000)
  object space 630272K, 53% used [0x0000000080000000,0x0000000094738af8,0x00000000a6780000)
 Metaspace       used 60974K, committed 62528K, reserved 1114112K
  class space    used 6552K, committed 7168K, reserved 1048576K
}
Event: 48.829 GC heap before
{Heap before GC invocations=1717 (full 3):
 PSYoungGen      total 5632K, used 5608K [0x00000000d5580000, 0x00000000d6080000, 0x0000000100000000)
  eden space 4096K, 100% used [0x00000000d5580000,0x00000000d5980000,0x00000000d5980000)
  from space 1536K, 98% used [0x00000000d5980000,0x00000000d5afa220,0x00000000d5b00000)
  to   space 3584K, 0% used [0x00000000d5d00000,0x00000000d5d00000,0x00000000d6080000)
 ParOldGen       total 630272K, used 335074K [0x0000000080000000, 0x00000000a6780000, 0x00000000d5580000)
  object space 630272K, 53% used [0x0000000080000000,0x0000000094738af8,0x00000000a6780000)
 Metaspace       used 61044K, committed 62592K, reserved 1114112K
  class space    used 6557K, committed 7168K, reserved 1048576K
}
Event: 48.831 GC heap after
{Heap after GC invocations=1717 (full 3):
 PSYoungGen      total 5120K, used 944K [0x00000000d5580000, 0x00000000d5e00000, 0x0000000100000000)
  eden space 4096K, 0% used [0x00000000d5580000,0x00000000d5580000,0x00000000d5980000)
  from space 1024K, 92% used [0x00000000d5d00000,0x00000000d5dec1a8,0x00000000d5e00000)
  to   space 2048K, 0% used [0x00000000d5a00000,0x00000000d5a00000,0x00000000d5c00000)
 ParOldGen       total 630272K, used 336611K [0x0000000080000000, 0x00000000a6780000, 0x00000000d5580000)
  object space 630272K, 53% used [0x0000000080000000,0x00000000948b8d18,0x00000000a6780000)
 Metaspace       used 61044K, committed 62592K, reserved 1114112K
  class space    used 6557K, committed 7168K, reserved 1048576K
}
Event: 48.860 GC heap before
{Heap before GC invocations=1718 (full 3):
 PSYoungGen      total 5120K, used 5040K [0x00000000d5580000, 0x00000000d5e00000, 0x0000000100000000)
  eden space 4096K, 100% used [0x00000000d5580000,0x00000000d5980000,0x00000000d5980000)
  from space 1024K, 92% used [0x00000000d5d00000,0x00000000d5dec1a8,0x00000000d5e00000)
  to   space 2048K, 0% used [0x00000000d5a00000,0x00000000d5a00000,0x00000000d5c00000)
 ParOldGen       total 630272K, used 336611K [0x0000000080000000, 0x00000000a6780000, 0x00000000d5580000)
  object space 630272K, 53% used [0x0000000080000000,0x00000000948b8d18,0x00000000a6780000)
 Metaspace       used 61076K, committed 62592K, reserved 1114112K
  class space    used 6558K, committed 7168K, reserved 1048576K
}
Event: 48.862 GC heap after
{Heap after GC invocations=1718 (full 3):
 PSYoungGen      total 5632K, used 1472K [0x00000000d5580000, 0x00000000d5d80000, 0x0000000100000000)
  eden space 4096K, 0% used [0x00000000d5580000,0x00000000d5580000,0x00000000d5980000)
  from space 1536K, 95% used [0x00000000d5a00000,0x00000000d5b70000,0x00000000d5b80000)
  to   space 2048K, 0% used [0x00000000d5b80000,0x00000000d5b80000,0x00000000d5d80000)
 ParOldGen       total 630272K, used 337349K [0x0000000080000000, 0x00000000a6780000, 0x00000000d5580000)
  object space 630272K, 53% used [0x0000000080000000,0x0000000094971450,0x00000000a6780000)
 Metaspace       used 61076K, committed 62592K, reserved 1114112K
  class space    used 6558K, committed 7168K, reserved 1048576K
}
Event: 48.875 GC heap before
{Heap before GC invocations=1719 (full 3):
 PSYoungGen      total 5632K, used 5568K [0x00000000d5580000, 0x00000000d5d80000, 0x0000000100000000)
  eden space 4096K, 100% used [0x00000000d5580000,0x00000000d5980000,0x00000000d5980000)
  from space 1536K, 95% used [0x00000000d5a00000,0x00000000d5b70000,0x00000000d5b80000)
  to   space 2048K, 0% used [0x00000000d5b80000,0x00000000d5b80000,0x00000000d5d80000)
 ParOldGen       total 630272K, used 337349K [0x0000000080000000, 0x00000000a6780000, 0x00000000d5580000)
  object space 630272K, 53% used [0x0000000080000000,0x0000000094971450,0x00000000a6780000)
 Metaspace       used 61132K, committed 62656K, reserved 1114112K
  class space    used 6571K, committed 7168K, reserved 1048576K
}
Event: 48.878 GC heap after
{Heap after GC invocations=1719 (full 3):
 PSYoungGen      total 6144K, used 1536K [0x00000000d5580000, 0x00000000d5d80000, 0x0000000100000000)
  eden space 4096K, 0% used [0x00000000d5580000,0x00000000d5580000,0x00000000d5980000)
  from space 2048K, 75% used [0x00000000d5b80000,0x00000000d5d00000,0x00000000d5d80000)
  to   space 2048K, 0% used [0x00000000d5980000,0x00000000d5980000,0x00000000d5b80000)
 ParOldGen       total 630272K, used 338603K [0x0000000080000000, 0x00000000a6780000, 0x00000000d5580000)
  object space 630272K, 53% used [0x0000000080000000,0x0000000094aaaf70,0x00000000a6780000)
 Metaspace       used 61132K, committed 62656K, reserved 1114112K
  class space    used 6571K, committed 7168K, reserved 1048576K
}
Event: 48.898 GC heap before
{Heap before GC invocations=1720 (full 3):
 PSYoungGen      total 6144K, used 5632K [0x00000000d5580000, 0x00000000d5d80000, 0x0000000100000000)
  eden space 4096K, 100% used [0x00000000d5580000,0x00000000d5980000,0x00000000d5980000)
  from space 2048K, 75% used [0x00000000d5b80000,0x00000000d5d00000,0x00000000d5d80000)
  to   space 2048K, 0% used [0x00000000d5980000,0x00000000d5980000,0x00000000d5b80000)
 ParOldGen       total 630272K, used 338603K [0x0000000080000000, 0x00000000a6780000, 0x00000000d5580000)
  object space 630272K, 53% used [0x0000000080000000,0x0000000094aaaf70,0x00000000a6780000)
 Metaspace       used 61328K, committed 62848K, reserved 1114112K
  class space    used 6586K, committed 7168K, reserved 1048576K
}
Event: 48.900 GC heap after
{Heap after GC invocations=1720 (full 3):
 PSYoungGen      total 5120K, used 563K [0x00000000d5580000, 0x00000000d5c00000, 0x0000000100000000)
  eden space 4096K, 0% used [0x00000000d5580000,0x00000000d5580000,0x00000000d5980000)
  from space 1024K, 55% used [0x00000000d5980000,0x00000000d5a0cea0,0x00000000d5a80000)
  to   space 1024K, 0% used [0x00000000d5b00000,0x00000000d5b00000,0x00000000d5c00000)
 ParOldGen       total 630272K, used 340060K [0x0000000080000000, 0x00000000a6780000, 0x00000000d5580000)
  object space 630272K, 53% used [0x0000000080000000,0x0000000094c17348,0x00000000a6780000)
 Metaspace       used 61328K, committed 62848K, reserved 1114112K
  class space    used 6586K, committed 7168K, reserved 1048576K
}
Event: 48.918 GC heap before
{Heap before GC invocations=1721 (full 3):
 PSYoungGen      total 5120K, used 4659K [0x00000000d5580000, 0x00000000d5c00000, 0x0000000100000000)
  eden space 4096K, 100% used [0x00000000d5580000,0x00000000d5980000,0x00000000d5980000)
  from space 1024K, 55% used [0x00000000d5980000,0x00000000d5a0cea0,0x00000000d5a80000)
  to   space 1024K, 0% used [0x00000000d5b00000,0x00000000d5b00000,0x00000000d5c00000)
 ParOldGen       total 630272K, used 340060K [0x0000000080000000, 0x00000000a6780000, 0x00000000d5580000)
  object space 630272K, 53% used [0x0000000080000000,0x0000000094c17348,0x00000000a6780000)
 Metaspace       used 61480K, committed 63040K, reserved 1114112K
  class space    used 6596K, committed 7232K, reserved 1048576K
}
Event: 48.920 GC heap after
{Heap after GC invocations=1721 (full 3):
 PSYoungGen      total 4608K, used 455K [0x00000000d5580000, 0x00000000d5b80000, 0x0000000100000000)
  eden space 4096K, 0% used [0x00000000d5580000,0x00000000d5580000,0x00000000d5980000)
  from space 512K, 89% used [0x00000000d5b00000,0x00000000d5b71f98,0x00000000d5b80000)
  to   space 1024K, 0% used [0x00000000d5980000,0x00000000d5980000,0x00000000d5a80000)
 ParOldGen       total 630272K, used 340244K [0x0000000080000000, 0x00000000a6780000, 0x00000000d5580000)
  object space 630272K, 53% used [0x0000000080000000,0x0000000094c45348,0x00000000a6780000)
 Metaspace       used 61480K, committed 63040K, reserved 1114112K
  class space    used 6596K, committed 7232K, reserved 1048576K
}
Event: 48.933 GC heap before
{Heap before GC invocations=1722 (full 3):
 PSYoungGen      total 4608K, used 4551K [0x00000000d5580000, 0x00000000d5b80000, 0x0000000100000000)
  eden space 4096K, 99% used [0x00000000d5580000,0x00000000d597fff0,0x00000000d5980000)
  from space 512K, 89% used [0x00000000d5b00000,0x00000000d5b71f98,0x00000000d5b80000)
  to   space 1024K, 0% used [0x00000000d5980000,0x00000000d5980000,0x00000000d5a80000)
 ParOldGen       total 630272K, used 340244K [0x0000000080000000, 0x00000000a6780000, 0x00000000d5580000)
  object space 630272K, 53% used [0x0000000080000000,0x0000000094c45348,0x00000000a6780000)
 Metaspace       used 61604K, committed 63104K, reserved 1114112K
  class space    used 6603K, committed 7232K, reserved 1048576K
}
Event: 48.934 GC heap after
{Heap after GC invocations=1722 (full 3):
 PSYoungGen      total 5120K, used 384K [0x00000000d5580000, 0x00000000d5b80000, 0x0000000100000000)
  eden space 4096K, 0% used [0x00000000d5580000,0x00000000d5580000,0x00000000d5980000)
  from space 1024K, 37% used [0x00000000d5980000,0x00000000d59e0020,0x00000000d5a80000)
  to   space 512K, 0% used [0x00000000d5b00000,0x00000000d5b00000,0x00000000d5b80000)
 ParOldGen       total 630272K, used 340487K [0x0000000080000000, 0x00000000a6780000, 0x00000000d5580000)
  object space 630272K, 54% used [0x0000000080000000,0x0000000094c81e38,0x00000000a6780000)
 Metaspace       used 61604K, committed 63104K, reserved 1114112K
  class space    used 6603K, committed 7232K, reserved 1048576K
}

