# JRE version: Java(TM) SE Runtime Environment (22.0.2+9) (build 22.0.2+9-70)
# Java VM: Java HotSpot(TM) 64-Bit Server VM (22.0.2+9-70, mixed mode, sharing, tiered, compressed oops, compressed class ptrs, parallel gc, windows-amd64)
GC Precious Log:
 CardTable entry size: 512
 CPUs: 12 total, 12 available
 Memory: 7518M
 Large Page Support: Disabled
 NUMA Support: Disabled
 Compressed Oops: Enabled (32-bit)
 Alignments: Space 512K, Generation 512K, Heap 2M
 Heap Min Capacity: 100M
 Heap Initial Capacity: 100M
 Heap Max Capacity: 2G
 Pre-touch: Disabled
 Parallel Workers: 10
Heap:
 PSYoungGen      total 7168K, used 2775K [0x00000000d5580000, 0x00000000d5d80000, 0x0000000100000000)
  eden space 6656K, 34% used [0x00000000d5580000,0x00000000d57bdc98,0x00000000d5c00000)
  from space 512K, 93% used [0x00000000d5c80000,0x00000000d5cf8000,0x00000000d5d00000)
  to   space 512K, 0% used [0x00000000d5c00000,0x00000000d5c00000,0x00000000d5c80000)
 ParOldGen       total 583680K, used 583411K [0x0000000080000000, 0x00000000a3a00000, 0x00000000d5580000)
  object space 583680K, 99% used [0x0000000080000000,0x00000000a39bce68,0x00000000a3a00000)
 Metaspace       used 74633K, committed 76416K, reserved 1179648K
  class space    used 7947K, committed 8704K, reserved 1048576K
GC Heap History (20 events):
Event: 471.119 GC heap before
{Heap before GC invocations=1075 (full 3):
 PSYoungGen      total 4608K, used 3538K [0x00000000d5580000, 0x00000000d5d00000, 0x0000000100000000)
  eden space 3584K, 95% used [0x00000000d5580000,0x00000000d58d4828,0x00000000d5900000)
  from space 1024K, 12% used [0x00000000d5b00000,0x00000000d5b20000,0x00000000d5c00000)
  to   space 512K, 0% used [0x00000000d5c80000,0x00000000d5c80000,0x00000000d5d00000)
 ParOldGen       total 581632K, used 581547K [0x0000000080000000, 0x00000000a3800000, 0x00000000d5580000)
  object space 581632K, 99% used [0x0000000080000000,0x00000000a37eae68,0x00000000a3800000)
 Metaspace       used 74606K, committed 76416K, reserved 1179648K
  class space    used 7947K, committed 8704K, reserved 1048576K
}
Event: 471.120 GC heap after
{Heap after GC invocations=1075 (full 3):
 PSYoungGen      total 4096K, used 497K [0x00000000d5580000, 0x00000000d5d00000, 0x0000000100000000)
  eden space 3584K, 0% used [0x00000000d5580000,0x00000000d5580000,0x00000000d5900000)
  from space 512K, 97% used [0x00000000d5c80000,0x00000000d5cfc6d0,0x00000000d5d00000)
  to   space 1024K, 0% used [0x00000000d5b00000,0x00000000d5b00000,0x00000000d5c00000)
 ParOldGen       total 581632K, used 581571K [0x0000000080000000, 0x00000000a3800000, 0x00000000d5580000)
  object space 581632K, 99% used [0x0000000080000000,0x00000000a37f0e68,0x00000000a3800000)
 Metaspace       used 74606K, committed 76416K, reserved 1179648K
  class space    used 7947K, committed 8704K, reserved 1048576K
}
Event: 471.144 GC heap before
{Heap before GC invocations=1076 (full 3):
 PSYoungGen      total 4096K, used 2971K [0x00000000d5580000, 0x00000000d5d00000, 0x0000000100000000)
  eden space 3584K, 69% used [0x00000000d5580000,0x00000000d57ea748,0x00000000d5900000)
  from space 512K, 97% used [0x00000000d5c80000,0x00000000d5cfc6d0,0x00000000d5d00000)
  to   space 1024K, 0% used [0x00000000d5b00000,0x00000000d5b00000,0x00000000d5c00000)
 ParOldGen       total 581632K, used 581571K [0x0000000080000000, 0x00000000a3800000, 0x00000000d5580000)
  object space 581632K, 99% used [0x0000000080000000,0x00000000a37f0e68,0x00000000a3800000)
 Metaspace       used 74607K, committed 76416K, reserved 1179648K
  class space    used 7947K, committed 8704K, reserved 1048576K
}
Event: 471.144 GC heap after
{Heap after GC invocations=1076 (full 3):
 PSYoungGen      total 4608K, used 256K [0x00000000d5580000, 0x00000000d5d00000, 0x0000000100000000)
  eden space 3584K, 0% used [0x00000000d5580000,0x00000000d5580000,0x00000000d5900000)
  from space 1024K, 25% used [0x00000000d5b00000,0x00000000d5b40000,0x00000000d5c00000)
  to   space 512K, 0% used [0x00000000d5c80000,0x00000000d5c80000,0x00000000d5d00000)
 ParOldGen       total 582144K, used 581635K [0x0000000080000000, 0x00000000a3880000, 0x00000000d5580000)
  object space 582144K, 99% used [0x0000000080000000,0x00000000a3800e68,0x00000000a3880000)
 Metaspace       used 74607K, committed 76416K, reserved 1179648K
  class space    used 7947K, committed 8704K, reserved 1048576K
}
Event: 471.154 GC heap before
{Heap before GC invocations=1077 (full 3):
 PSYoungGen      total 4608K, used 3840K [0x00000000d5580000, 0x00000000d5d00000, 0x0000000100000000)
  eden space 3584K, 100% used [0x00000000d5580000,0x00000000d5900000,0x00000000d5900000)
  from space 1024K, 25% used [0x00000000d5b00000,0x00000000d5b40000,0x00000000d5c00000)
  to   space 512K, 0% used [0x00000000d5c80000,0x00000000d5c80000,0x00000000d5d00000)
 ParOldGen       total 582144K, used 581635K [0x0000000080000000, 0x00000000a3880000, 0x00000000d5580000)
  object space 582144K, 99% used [0x0000000080000000,0x00000000a3800e68,0x00000000a3880000)
 Metaspace       used 74608K, committed 76416K, reserved 1179648K
  class space    used 7947K, committed 8704K, reserved 1048576K
}
Event: 471.155 GC heap after
{Heap after GC invocations=1077 (full 3):
 PSYoungGen      total 4096K, used 512K [0x00000000d5580000, 0x00000000d5d00000, 0x0000000100000000)
  eden space 3584K, 0% used [0x00000000d5580000,0x00000000d5580000,0x00000000d5900000)
  from space 512K, 100% used [0x00000000d5c80000,0x00000000d5d00000,0x00000000d5d00000)
  to   space 1024K, 0% used [0x00000000d5b00000,0x00000000d5b00000,0x00000000d5c00000)
 ParOldGen       total 582144K, used 581715K [0x0000000080000000, 0x00000000a3880000, 0x00000000d5580000)
  object space 582144K, 99% used [0x0000000080000000,0x00000000a3814e68,0x00000000a3880000)
 Metaspace       used 74608K, committed 76416K, reserved 1179648K
  class space    used 7947K, committed 8704K, reserved 1048576K
}
Event: 471.161 GC heap before
{Heap before GC invocations=1078 (full 3):
 PSYoungGen      total 4096K, used 4095K [0x00000000d5580000, 0x00000000d5d00000, 0x0000000100000000)
  eden space 3584K, 99% used [0x00000000d5580000,0x00000000d58ffff0,0x00000000d5900000)
  from space 512K, 100% used [0x00000000d5c80000,0x00000000d5d00000,0x00000000d5d00000)
  to   space 1024K, 0% used [0x00000000d5b00000,0x00000000d5b00000,0x00000000d5c00000)
 ParOldGen       total 582144K, used 581715K [0x0000000080000000, 0x00000000a3880000, 0x00000000d5580000)
  object space 582144K, 99% used [0x0000000080000000,0x00000000a3814e68,0x00000000a3880000)
 Metaspace       used 74612K, committed 76416K, reserved 1179648K
  class space    used 7947K, committed 8704K, reserved 1048576K
}
Event: 471.162 GC heap after
{Heap after GC invocations=1078 (full 3):
 PSYoungGen      total 4608K, used 416K [0x00000000d5580000, 0x00000000d5d00000, 0x0000000100000000)
  eden space 3584K, 0% used [0x00000000d5580000,0x00000000d5580000,0x00000000d5900000)
  from space 1024K, 40% used [0x00000000d5b00000,0x00000000d5b68000,0x00000000d5c00000)
  to   space 512K, 0% used [0x00000000d5c80000,0x00000000d5c80000,0x00000000d5d00000)
 ParOldGen       total 582144K, used 582019K [0x0000000080000000, 0x00000000a3880000, 0x00000000d5580000)
  object space 582144K, 99% used [0x0000000080000000,0x00000000a3860e68,0x00000000a3880000)
 Metaspace       used 74612K, committed 76416K, reserved 1179648K
  class space    used 7947K, committed 8704K, reserved 1048576K
}
Event: 471.168 GC heap before
{Heap before GC invocations=1079 (full 3):
 PSYoungGen      total 4608K, used 4000K [0x00000000d5580000, 0x00000000d5d00000, 0x0000000100000000)
  eden space 3584K, 100% used [0x00000000d5580000,0x00000000d5900000,0x00000000d5900000)
  from space 1024K, 40% used [0x00000000d5b00000,0x00000000d5b68000,0x00000000d5c00000)
  to   space 512K, 0% used [0x00000000d5c80000,0x00000000d5c80000,0x00000000d5d00000)
 ParOldGen       total 582144K, used 582019K [0x0000000080000000, 0x00000000a3880000, 0x00000000d5580000)
  object space 582144K, 99% used [0x0000000080000000,0x00000000a3860e68,0x00000000a3880000)
 Metaspace       used 74613K, committed 76416K, reserved 1179648K
  class space    used 7947K, committed 8704K, reserved 1048576K
}
Event: 471.169 GC heap after
{Heap after GC invocations=1079 (full 3):
 PSYoungGen      total 4096K, used 416K [0x00000000d5580000, 0x00000000d5d00000, 0x0000000100000000)
  eden space 3584K, 0% used [0x00000000d5580000,0x00000000d5580000,0x00000000d5900000)
  from space 512K, 81% used [0x00000000d5c80000,0x00000000d5ce8000,0x00000000d5d00000)
  to   space 512K, 0% used [0x00000000d5c00000,0x00000000d5c00000,0x00000000d5c80000)
 ParOldGen       total 582656K, used 582243K [0x0000000080000000, 0x00000000a3900000, 0x00000000d5580000)
  object space 582656K, 99% used [0x0000000080000000,0x00000000a3898e68,0x00000000a3900000)
 Metaspace       used 74613K, committed 76416K, reserved 1179648K
  class space    used 7947K, committed 8704K, reserved 1048576K
}
Event: 471.175 GC heap before
{Heap before GC invocations=1080 (full 3):
 PSYoungGen      total 4096K, used 4000K [0x00000000d5580000, 0x00000000d5d00000, 0x0000000100000000)
  eden space 3584K, 100% used [0x00000000d5580000,0x00000000d5900000,0x00000000d5900000)
  from space 512K, 81% used [0x00000000d5c80000,0x00000000d5ce8000,0x00000000d5d00000)
  to   space 512K, 0% used [0x00000000d5c00000,0x00000000d5c00000,0x00000000d5c80000)
 ParOldGen       total 582656K, used 582243K [0x0000000080000000, 0x00000000a3900000, 0x00000000d5580000)
  object space 582656K, 99% used [0x0000000080000000,0x00000000a3898e68,0x00000000a3900000)
 Metaspace       used 74616K, committed 76416K, reserved 1179648K
  class space    used 7947K, committed 8704K, reserved 1048576K
}
Event: 471.176 GC heap after
{Heap after GC invocations=1080 (full 3):
 PSYoungGen      total 4096K, used 320K [0x00000000d5580000, 0x00000000d5d00000, 0x0000000100000000)
  eden space 3584K, 0% used [0x00000000d5580000,0x00000000d5580000,0x00000000d5900000)
  from space 512K, 62% used [0x00000000d5c00000,0x00000000d5c50000,0x00000000d5c80000)
  to   space 512K, 0% used [0x00000000d5c80000,0x00000000d5c80000,0x00000000d5d00000)
 ParOldGen       total 582656K, used 582267K [0x0000000080000000, 0x00000000a3900000, 0x00000000d5580000)
  object space 582656K, 99% used [0x0000000080000000,0x00000000a389ee68,0x00000000a3900000)
 Metaspace       used 74616K, committed 76416K, reserved 1179648K
  class space    used 7947K, committed 8704K, reserved 1048576K
}
Event: 471.181 GC heap before
{Heap before GC invocations=1081 (full 3):
 PSYoungGen      total 4096K, used 3904K [0x00000000d5580000, 0x00000000d5d00000, 0x0000000100000000)
  eden space 3584K, 100% used [0x00000000d5580000,0x00000000d5900000,0x00000000d5900000)
  from space 512K, 62% used [0x00000000d5c00000,0x00000000d5c50000,0x00000000d5c80000)
  to   space 512K, 0% used [0x00000000d5c80000,0x00000000d5c80000,0x00000000d5d00000)
 ParOldGen       total 582656K, used 582267K [0x0000000080000000, 0x00000000a3900000, 0x00000000d5580000)
  object space 582656K, 99% used [0x0000000080000000,0x00000000a389ee68,0x00000000a3900000)
 Metaspace       used 74616K, committed 76416K, reserved 1179648K
  class space    used 7947K, committed 8704K, reserved 1048576K
}
Event: 471.182 GC heap after
{Heap after GC invocations=1081 (full 3):
 PSYoungGen      total 4096K, used 224K [0x00000000d5580000, 0x00000000d5d00000, 0x0000000100000000)
  eden space 3584K, 0% used [0x00000000d5580000,0x00000000d5580000,0x00000000d5900000)
  from space 512K, 43% used [0x00000000d5c80000,0x00000000d5cb8000,0x00000000d5d00000)
  to   space 512K, 0% used [0x00000000d5c00000,0x00000000d5c00000,0x00000000d5c80000)
 ParOldGen       total 582656K, used 582307K [0x0000000080000000, 0x00000000a3900000, 0x00000000d5580000)
  object space 582656K, 99% used [0x0000000080000000,0x00000000a38a8e68,0x00000000a3900000)
 Metaspace       used 74616K, committed 76416K, reserved 1179648K
  class space    used 7947K, committed 8704K, reserved 1048576K
}
Event: 471.195 GC heap before
{Heap before GC invocations=1082 (full 3):
 PSYoungGen      total 4096K, used 3808K [0x00000000d5580000, 0x00000000d5d00000, 0x0000000100000000)
  eden space 3584K, 100% used [0x00000000d5580000,0x00000000d5900000,0x00000000d5900000)
  from space 512K, 43% used [0x00000000d5c80000,0x00000000d5cb8000,0x00000000d5d00000)
  to   space 512K, 0% used [0x00000000d5c00000,0x00000000d5c00000,0x00000000d5c80000)
 ParOldGen       total 582656K, used 582307K [0x0000000080000000, 0x00000000a3900000, 0x00000000d5580000)
  object space 582656K, 99% used [0x0000000080000000,0x00000000a38a8e68,0x00000000a3900000)
 Metaspace       used 74622K, committed 76416K, reserved 1179648K
  class space    used 7947K, committed 8704K, reserved 1048576K
}
Event: 471.195 GC heap after
{Heap after GC invocations=1082 (full 3):
 PSYoungGen      total 4096K, used 320K [0x00000000d5580000, 0x00000000d5d00000, 0x0000000100000000)
  eden space 3584K, 0% used [0x00000000d5580000,0x00000000d5580000,0x00000000d5900000)
  from space 512K, 62% used [0x00000000d5c00000,0x00000000d5c50000,0x00000000d5c80000)
  to   space 512K, 0% used [0x00000000d5c80000,0x00000000d5c80000,0x00000000d5d00000)
 ParOldGen       total 582656K, used 582379K [0x0000000080000000, 0x00000000a3900000, 0x00000000d5580000)
  object space 582656K, 99% used [0x0000000080000000,0x00000000a38bae68,0x00000000a3900000)
 Metaspace       used 74622K, committed 76416K, reserved 1179648K
  class space    used 7947K, committed 8704K, reserved 1048576K
}
Event: 471.220 GC heap before
{Heap before GC invocations=1083 (full 3):
 PSYoungGen      total 4096K, used 3449K [0x00000000d5580000, 0x00000000d5d00000, 0x0000000100000000)
  eden space 3584K, 87% used [0x00000000d5580000,0x00000000d588e620,0x00000000d5900000)
  from space 512K, 62% used [0x00000000d5c00000,0x00000000d5c50000,0x00000000d5c80000)
  to   space 512K, 0% used [0x00000000d5c80000,0x00000000d5c80000,0x00000000d5d00000)
 ParOldGen       total 582656K, used 582379K [0x0000000080000000, 0x00000000a3900000, 0x00000000d5580000)
  object space 582656K, 99% used [0x0000000080000000,0x00000000a38bae68,0x00000000a3900000)
 Metaspace       used 74624K, committed 76416K, reserved 1179648K
  class space    used 7947K, committed 8704K, reserved 1048576K
}
Event: 471.221 GC heap after
{Heap after GC invocations=1083 (full 3):
 PSYoungGen      total 4096K, used 288K [0x00000000d5580000, 0x00000000d5d00000, 0x0000000100000000)
  eden space 3584K, 0% used [0x00000000d5580000,0x00000000d5580000,0x00000000d5900000)
  from space 512K, 56% used [0x00000000d5c80000,0x00000000d5cc8000,0x00000000d5d00000)
  to   space 512K, 0% used [0x00000000d5c00000,0x00000000d5c00000,0x00000000d5c80000)
 ParOldGen       total 582656K, used 582459K [0x0000000080000000, 0x00000000a3900000, 0x00000000d5580000)
  object space 582656K, 99% used [0x0000000080000000,0x00000000a38cee68,0x00000000a3900000)
 Metaspace       used 74624K, committed 76416K, reserved 1179648K
  class space    used 7947K, committed 8704K, reserved 1048576K
}
Event: 471.226 GC heap before
{Heap before GC invocations=1084 (full 3):
 PSYoungGen      total 4096K, used 3872K [0x00000000d5580000, 0x00000000d5d00000, 0x0000000100000000)
  eden space 3584K, 100% used [0x00000000d5580000,0x00000000d5900000,0x00000000d5900000)
  from space 512K, 56% used [0x00000000d5c80000,0x00000000d5cc8000,0x00000000d5d00000)
  to   space 512K, 0% used [0x00000000d5c00000,0x00000000d5c00000,0x00000000d5c80000)
 ParOldGen       total 582656K, used 582459K [0x0000000080000000, 0x00000000a3900000, 0x00000000d5580000)
  object space 582656K, 99% used [0x0000000080000000,0x00000000a38cee68,0x00000000a3900000)
 Metaspace       used 74624K, committed 76416K, reserved 1179648K
  class space    used 7947K, committed 8704K, reserved 1048576K
}
Event: 471.227 GC heap after
{Heap after GC invocations=1084 (full 3):
 PSYoungGen      total 4096K, used 224K [0x00000000d5580000, 0x00000000d5d00000, 0x0000000100000000)
  eden space 3584K, 0% used [0x00000000d5580000,0x00000000d5580000,0x00000000d5900000)
  from space 512K, 43% used [0x00000000d5c00000,0x00000000d5c38000,0x00000000d5c80000)
  to   space 512K, 0% used [0x00000000d5c80000,0x00000000d5c80000,0x00000000d5d00000)
 ParOldGen       total 582656K, used 582531K [0x0000000080000000, 0x00000000a3900000, 0x00000000d5580000)
  object space 582656K, 99% used [0x0000000080000000,0x00000000a38e0e68,0x00000000a3900000)
 Metaspace       used 74624K, committed 76416K, reserved 1179648K
  class space    used 7947K, committed 8704K, reserved 1048576K
}

