# JRE version: Java(TM) SE Runtime Environment (22.0.2+9) (build 22.0.2+9-70)
# Java VM: Java HotSpot(TM) 64-Bit Server VM (22.0.2+9-70, mixed mode, sharing, tiered, compressed oops, compressed class ptrs, parallel gc, windows-amd64)
GC Precious Log:
 CardTable entry size: 512
 CPUs: 12 total, 12 available
 Memory: 7518M
 Large Page Support: Disabled
 NUMA Support: Disabled
 Compressed Oops: Enabled (32-bit)
 Alignments: Space 512K, Generation 512K, Heap 2M
 Heap Min Capacity: 100M
 Heap Initial Capacity: 100M
 Heap Max Capacity: 2G
 Pre-touch: Disabled
 Parallel Workers: 10
Heap:
 PSYoungGen      total 8192K, used 5470K [0x00000000d5580000, 0x00000000d6000000, 0x0000000100000000)
  eden space 7168K, 67% used [0x00000000d5580000,0x00000000d5a3be78,0x00000000d5c80000)
  from space 1024K, 60% used [0x00000000d5f00000,0x00000000d5f9bb40,0x00000000d6000000)
  to   space 1024K, 0% used [0x00000000d5e00000,0x00000000d5e00000,0x00000000d5f00000)
 ParOldGen       total 444928K, used 127348K [0x0000000080000000, 0x000000009b280000, 0x00000000d5580000)
  object space 444928K, 28% used [0x0000000080000000,0x0000000087c5d008,0x000000009b280000)
 Metaspace       used 83906K, committed 85760K, reserved 1179648K
  class space    used 8982K, committed 9792K, reserved 1048576K
GC Heap History (20 events):
Event: 360.819 GC heap before
{Heap before GC invocations=967 (full 3):
 PSYoungGen      total 10752K, used 10747K [0x00000000d5580000, 0x00000000d7000000, 0x0000000100000000)
  eden space 5632K, 100% used [0x00000000d5580000,0x00000000d5b00000,0x00000000d5b00000)
  from space 5120K, 99% used [0x00000000d5c00000,0x00000000d60feeb0,0x00000000d6100000)
  to   space 10752K, 0% used [0x00000000d6580000,0x00000000d6580000,0x00000000d7000000)
 ParOldGen       total 431616K, used 431241K [0x0000000080000000, 0x000000009a580000, 0x00000000d5580000)
  object space 431616K, 99% used [0x0000000080000000,0x000000009a522670,0x000000009a580000)
 Metaspace       used 83658K, committed 85440K, reserved 1179648K
  class space    used 8972K, committed 9792K, reserved 1048576K
}
Event: 360.832 GC heap after
{Heap after GC invocations=967 (full 3):
 PSYoungGen      total 9728K, used 3640K [0x00000000d5580000, 0x00000000d6980000, 0x0000000100000000)
  eden space 5632K, 0% used [0x00000000d5580000,0x00000000d5580000,0x00000000d5b00000)
  from space 4096K, 88% used [0x00000000d6580000,0x00000000d690e150,0x00000000d6980000)
  to   space 6144K, 0% used [0x00000000d5d80000,0x00000000d5d80000,0x00000000d6380000)
 ParOldGen       total 436736K, used 436352K [0x0000000080000000, 0x000000009aa80000, 0x00000000d5580000)
  object space 436736K, 99% used [0x0000000080000000,0x000000009aa202a0,0x000000009aa80000)
 Metaspace       used 83658K, committed 85440K, reserved 1179648K
  class space    used 8972K, committed 9792K, reserved 1048576K
}
Event: 360.855 GC heap before
{Heap before GC invocations=968 (full 3):
 PSYoungGen      total 9728K, used 9272K [0x00000000d5580000, 0x00000000d6980000, 0x0000000100000000)
  eden space 5632K, 100% used [0x00000000d5580000,0x00000000d5b00000,0x00000000d5b00000)
  from space 4096K, 88% used [0x00000000d6580000,0x00000000d690e150,0x00000000d6980000)
  to   space 6144K, 0% used [0x00000000d5d80000,0x00000000d5d80000,0x00000000d6380000)
 ParOldGen       total 436736K, used 436352K [0x0000000080000000, 0x000000009aa80000, 0x00000000d5580000)
  object space 436736K, 99% used [0x0000000080000000,0x000000009aa202a0,0x000000009aa80000)
 Metaspace       used 83661K, committed 85440K, reserved 1179648K
  class space    used 8972K, committed 9792K, reserved 1048576K
}
Event: 360.867 GC heap after
{Heap after GC invocations=968 (full 3):
 PSYoungGen      total 12288K, used 4864K [0x00000000d5580000, 0x00000000d6780000, 0x0000000100000000)
  eden space 7168K, 0% used [0x00000000d5580000,0x00000000d5580000,0x00000000d5c80000)
  from space 5120K, 95% used [0x00000000d5d80000,0x00000000d6240000,0x00000000d6280000)
  to   space 5120K, 0% used [0x00000000d6280000,0x00000000d6280000,0x00000000d6780000)
 ParOldGen       total 440320K, used 439845K [0x0000000080000000, 0x000000009ae00000, 0x00000000d5580000)
  object space 440320K, 99% used [0x0000000080000000,0x000000009ad89410,0x000000009ae00000)
 Metaspace       used 83661K, committed 85440K, reserved 1179648K
  class space    used 8972K, committed 9792K, reserved 1048576K
}
Event: 360.915 GC heap before
{Heap before GC invocations=969 (full 3):
 PSYoungGen      total 12288K, used 10254K [0x00000000d5580000, 0x00000000d6780000, 0x0000000100000000)
  eden space 7168K, 75% used [0x00000000d5580000,0x00000000d5ac3b48,0x00000000d5c80000)
  from space 5120K, 95% used [0x00000000d5d80000,0x00000000d6240000,0x00000000d6280000)
  to   space 5120K, 0% used [0x00000000d6280000,0x00000000d6280000,0x00000000d6780000)
 ParOldGen       total 440320K, used 439845K [0x0000000080000000, 0x000000009ae00000, 0x00000000d5580000)
  object space 440320K, 99% used [0x0000000080000000,0x000000009ad89410,0x000000009ae00000)
 Metaspace       used 83668K, committed 85440K, reserved 1179648K
  class space    used 8972K, committed 9792K, reserved 1048576K
}
Event: 360.930 GC heap after
{Heap after GC invocations=969 (full 3):
 PSYoungGen      total 10752K, used 3490K [0x00000000d5580000, 0x00000000d6600000, 0x0000000100000000)
  eden space 7168K, 0% used [0x00000000d5580000,0x00000000d5580000,0x00000000d5c80000)
  from space 3584K, 97% used [0x00000000d6280000,0x00000000d65e8880,0x00000000d6600000)
  to   space 4096K, 0% used [0x00000000d5e00000,0x00000000d5e00000,0x00000000d6200000)
 ParOldGen       total 444928K, used 444637K [0x0000000080000000, 0x000000009b280000, 0x00000000d5580000)
  object space 444928K, 99% used [0x0000000080000000,0x000000009b237410,0x000000009b280000)
 Metaspace       used 83668K, committed 85440K, reserved 1179648K
  class space    used 8972K, committed 9792K, reserved 1048576K
}
Event: 360.930 GC heap before
{Heap before GC invocations=970 (full 4):
 PSYoungGen      total 10752K, used 3490K [0x00000000d5580000, 0x00000000d6600000, 0x0000000100000000)
  eden space 7168K, 0% used [0x00000000d5580000,0x00000000d5580000,0x00000000d5c80000)
  from space 3584K, 97% used [0x00000000d6280000,0x00000000d65e8880,0x00000000d6600000)
  to   space 4096K, 0% used [0x00000000d5e00000,0x00000000d5e00000,0x00000000d6200000)
 ParOldGen       total 444928K, used 444637K [0x0000000080000000, 0x000000009b280000, 0x00000000d5580000)
  object space 444928K, 99% used [0x0000000080000000,0x000000009b237410,0x000000009b280000)
 Metaspace       used 83668K, committed 85440K, reserved 1179648K
  class space    used 8972K, committed 9792K, reserved 1048576K
}
Event: 361.764 GC heap after
{Heap after GC invocations=970 (full 4):
 PSYoungGen      total 10752K, used 0K [0x00000000d5580000, 0x00000000d6600000, 0x0000000100000000)
  eden space 7168K, 0% used [0x00000000d5580000,0x00000000d5580000,0x00000000d5c80000)
  from space 3584K, 0% used [0x00000000d6280000,0x00000000d6280000,0x00000000d6600000)
  to   space 4096K, 0% used [0x00000000d5e00000,0x00000000d5e00000,0x00000000d6200000)
 ParOldGen       total 444928K, used 93056K [0x0000000080000000, 0x000000009b280000, 0x00000000d5580000)
  object space 444928K, 20% used [0x0000000080000000,0x0000000085ae0290,0x000000009b280000)
 Metaspace       used 83668K, committed 85440K, reserved 1179648K
  class space    used 8972K, committed 9792K, reserved 1048576K
}
Event: 362.058 GC heap before
{Heap before GC invocations=971 (full 4):
 PSYoungGen      total 10752K, used 7168K [0x00000000d5580000, 0x00000000d6600000, 0x0000000100000000)
  eden space 7168K, 100% used [0x00000000d5580000,0x00000000d5c80000,0x00000000d5c80000)
  from space 3584K, 0% used [0x00000000d6280000,0x00000000d6280000,0x00000000d6600000)
  to   space 4096K, 0% used [0x00000000d5e00000,0x00000000d5e00000,0x00000000d6200000)
 ParOldGen       total 444928K, used 93056K [0x0000000080000000, 0x000000009b280000, 0x00000000d5580000)
  object space 444928K, 20% used [0x0000000080000000,0x0000000085ae0290,0x000000009b280000)
 Metaspace       used 83775K, committed 85632K, reserved 1179648K
  class space    used 8978K, committed 9792K, reserved 1048576K
}
Event: 362.062 GC heap after
{Heap after GC invocations=971 (full 4):
 PSYoungGen      total 8704K, used 1504K [0x00000000d5580000, 0x00000000d6300000, 0x0000000100000000)
  eden space 7168K, 0% used [0x00000000d5580000,0x00000000d5580000,0x00000000d5c80000)
  from space 1536K, 97% used [0x00000000d5e00000,0x00000000d5f78000,0x00000000d5f80000)
  to   space 2560K, 0% used [0x00000000d6080000,0x00000000d6080000,0x00000000d6300000)
 ParOldGen       total 444928K, used 93056K [0x0000000080000000, 0x000000009b280000, 0x00000000d5580000)
  object space 444928K, 20% used [0x0000000080000000,0x0000000085ae0290,0x000000009b280000)
 Metaspace       used 83775K, committed 85632K, reserved 1179648K
  class space    used 8978K, committed 9792K, reserved 1048576K
}
Event: 362.935 GC heap before
{Heap before GC invocations=972 (full 4):
 PSYoungGen      total 8704K, used 8533K [0x00000000d5580000, 0x00000000d6300000, 0x0000000100000000)
  eden space 7168K, 98% used [0x00000000d5580000,0x00000000d5c5d7a0,0x00000000d5c80000)
  from space 1536K, 97% used [0x00000000d5e00000,0x00000000d5f78000,0x00000000d5f80000)
  to   space 2560K, 0% used [0x00000000d6080000,0x00000000d6080000,0x00000000d6300000)
 ParOldGen       total 444928K, used 123776K [0x0000000080000000, 0x000000009b280000, 0x00000000d5580000)
  object space 444928K, 27% used [0x0000000080000000,0x00000000878e02c0,0x000000009b280000)
 Metaspace       used 83846K, committed 85632K, reserved 1179648K
  class space    used 8979K, committed 9792K, reserved 1048576K
}
Event: 362.941 GC heap after
{Heap after GC invocations=972 (full 4):
 PSYoungGen      total 8704K, used 1521K [0x00000000d5580000, 0x00000000d6200000, 0x0000000100000000)
  eden space 7168K, 0% used [0x00000000d5580000,0x00000000d5580000,0x00000000d5c80000)
  from space 1536K, 99% used [0x00000000d6080000,0x00000000d61fc720,0x00000000d6200000)
  to   space 2048K, 0% used [0x00000000d5e00000,0x00000000d5e00000,0x00000000d6000000)
 ParOldGen       total 444928K, used 125094K [0x0000000080000000, 0x000000009b280000, 0x00000000d5580000)
  object space 444928K, 28% used [0x0000000080000000,0x0000000087a29a40,0x000000009b280000)
 Metaspace       used 83846K, committed 85632K, reserved 1179648K
  class space    used 8979K, committed 9792K, reserved 1048576K
}
Event: 362.979 GC heap before
{Heap before GC invocations=973 (full 4):
 PSYoungGen      total 8704K, used 8689K [0x00000000d5580000, 0x00000000d6200000, 0x0000000100000000)
  eden space 7168K, 100% used [0x00000000d5580000,0x00000000d5c80000,0x00000000d5c80000)
  from space 1536K, 99% used [0x00000000d6080000,0x00000000d61fc720,0x00000000d6200000)
  to   space 2048K, 0% used [0x00000000d5e00000,0x00000000d5e00000,0x00000000d6000000)
 ParOldGen       total 444928K, used 125094K [0x0000000080000000, 0x000000009b280000, 0x00000000d5580000)
  object space 444928K, 28% used [0x0000000080000000,0x0000000087a29a40,0x000000009b280000)
 Metaspace       used 83862K, committed 85696K, reserved 1179648K
  class space    used 8979K, committed 9792K, reserved 1048576K
}
Event: 362.984 GC heap after
{Heap after GC invocations=973 (full 4):
 PSYoungGen      total 8704K, used 1516K [0x00000000d5580000, 0x00000000d6100000, 0x0000000100000000)
  eden space 7168K, 0% used [0x00000000d5580000,0x00000000d5580000,0x00000000d5c80000)
  from space 1536K, 98% used [0x00000000d5e00000,0x00000000d5f7b180,0x00000000d5f80000)
  to   space 1536K, 0% used [0x00000000d5f80000,0x00000000d5f80000,0x00000000d6100000)
 ParOldGen       total 444928K, used 126104K [0x0000000080000000, 0x000000009b280000, 0x00000000d5580000)
  object space 444928K, 28% used [0x0000000080000000,0x0000000087b26150,0x000000009b280000)
 Metaspace       used 83862K, committed 85696K, reserved 1179648K
  class space    used 8979K, committed 9792K, reserved 1048576K
}
Event: 499.486 GC heap before
{Heap before GC invocations=974 (full 4):
 PSYoungGen      total 8704K, used 8627K [0x00000000d5580000, 0x00000000d6100000, 0x0000000100000000)
  eden space 7168K, 99% used [0x00000000d5580000,0x00000000d5c71a88,0x00000000d5c80000)
  from space 1536K, 98% used [0x00000000d5e00000,0x00000000d5f7b180,0x00000000d5f80000)
  to   space 1536K, 0% used [0x00000000d5f80000,0x00000000d5f80000,0x00000000d6100000)
 ParOldGen       total 444928K, used 126104K [0x0000000080000000, 0x000000009b280000, 0x00000000d5580000)
  object space 444928K, 28% used [0x0000000080000000,0x0000000087b26150,0x000000009b280000)
 Metaspace       used 83888K, committed 85760K, reserved 1179648K
  class space    used 8982K, committed 9792K, reserved 1048576K
}
Event: 499.518 GC heap after
{Heap after GC invocations=974 (full 4):
 PSYoungGen      total 8704K, used 1069K [0x00000000d5580000, 0x00000000d6100000, 0x0000000100000000)
  eden space 7168K, 0% used [0x00000000d5580000,0x00000000d5580000,0x00000000d5c80000)
  from space 1536K, 69% used [0x00000000d5f80000,0x00000000d608b510,0x00000000d6100000)
  to   space 1536K, 0% used [0x00000000d5e00000,0x00000000d5e00000,0x00000000d5f80000)
 ParOldGen       total 444928K, used 126406K [0x0000000080000000, 0x000000009b280000, 0x00000000d5580000)
  object space 444928K, 28% used [0x0000000080000000,0x0000000087b71af8,0x000000009b280000)
 Metaspace       used 83888K, committed 85760K, reserved 1179648K
  class space    used 8982K, committed 9792K, reserved 1048576K
}
Event: 499.571 GC heap before
{Heap before GC invocations=975 (full 4):
 PSYoungGen      total 8704K, used 8237K [0x00000000d5580000, 0x00000000d6100000, 0x0000000100000000)
  eden space 7168K, 100% used [0x00000000d5580000,0x00000000d5c80000,0x00000000d5c80000)
  from space 1536K, 69% used [0x00000000d5f80000,0x00000000d608b510,0x00000000d6100000)
  to   space 1536K, 0% used [0x00000000d5e00000,0x00000000d5e00000,0x00000000d5f80000)
 ParOldGen       total 444928K, used 126406K [0x0000000080000000, 0x000000009b280000, 0x00000000d5580000)
  object space 444928K, 28% used [0x0000000080000000,0x0000000087b71af8,0x000000009b280000)
 Metaspace       used 83889K, committed 85760K, reserved 1179648K
  class space    used 8982K, committed 9792K, reserved 1048576K
}
Event: 499.581 GC heap after
{Heap after GC invocations=975 (full 4):
 PSYoungGen      total 7680K, used 224K [0x00000000d5580000, 0x00000000d6000000, 0x0000000100000000)
  eden space 7168K, 0% used [0x00000000d5580000,0x00000000d5580000,0x00000000d5c80000)
  from space 512K, 43% used [0x00000000d5e00000,0x00000000d5e38000,0x00000000d5e80000)
  to   space 1024K, 0% used [0x00000000d5f00000,0x00000000d5f00000,0x00000000d6000000)
 ParOldGen       total 444928K, used 127300K [0x0000000080000000, 0x000000009b280000, 0x00000000d5580000)
  object space 444928K, 28% used [0x0000000080000000,0x0000000087c51008,0x000000009b280000)
 Metaspace       used 83889K, committed 85760K, reserved 1179648K
  class space    used 8982K, committed 9792K, reserved 1048576K
}
Event: 569.159 GC heap before
{Heap before GC invocations=976 (full 4):
 PSYoungGen      total 7680K, used 7392K [0x00000000d5580000, 0x00000000d6000000, 0x0000000100000000)
  eden space 7168K, 100% used [0x00000000d5580000,0x00000000d5c80000,0x00000000d5c80000)
  from space 512K, 43% used [0x00000000d5e00000,0x00000000d5e38000,0x00000000d5e80000)
  to   space 1024K, 0% used [0x00000000d5f00000,0x00000000d5f00000,0x00000000d6000000)
 ParOldGen       total 444928K, used 127300K [0x0000000080000000, 0x000000009b280000, 0x00000000d5580000)
  object space 444928K, 28% used [0x0000000080000000,0x0000000087c51008,0x000000009b280000)
 Metaspace       used 83895K, committed 85760K, reserved 1179648K
  class space    used 8982K, committed 9792K, reserved 1048576K
}
Event: 569.173 GC heap after
{Heap after GC invocations=976 (full 4):
 PSYoungGen      total 8192K, used 622K [0x00000000d5580000, 0x00000000d6000000, 0x0000000100000000)
  eden space 7168K, 0% used [0x00000000d5580000,0x00000000d5580000,0x00000000d5c80000)
  from space 1024K, 60% used [0x00000000d5f00000,0x00000000d5f9bb40,0x00000000d6000000)
  to   space 1024K, 0% used [0x00000000d5e00000,0x00000000d5e00000,0x00000000d5f00000)
 ParOldGen       total 444928K, used 127348K [0x0000000080000000, 0x000000009b280000, 0x00000000d5580000)
  object space 444928K, 28% used [0x0000000080000000,0x0000000087c5d008,0x000000009b280000)
 Metaspace       used 83895K, committed 85760K, reserved 1179648K
  class space    used 8982K, committed 9792K, reserved 1048576K
}

