# JRE version: Java(TM) SE Runtime Environment (22.0.2+9) (build 22.0.2+9-70)
# Java VM: Java HotSpot(TM) 64-Bit Server VM (22.0.2+9-70, mixed mode, emulated-client, sharing, tiered, compressed oops, compressed class ptrs, g1 gc, windows-amd64)
GC Precious Log:
 CardTable entry size: 512
 Card Set container configuration: InlinePtr #cards 5 size 8 Array Of Cards #cards 12 size 40 Howl #buckets 4 coarsen threshold 1843 Howl Bitmap #cards 512 size 80 coarsen threshold 460 Card regions per heap region 1 cards per card region 2048
 CPUs: 12 total, 12 available
 Memory: 7518M
 Large Page Support: Disabled
 NUMA Support: Disabled
 Compressed Oops: Enabled (32-bit)
 Heap Region Size: 1M
 Heap Min Capacity: 8M
 Heap Initial Capacity: 118M
 Heap Max Capacity: 1880M
 Pre-touch: Disabled
 Parallel Workers: 10
 Concurrent Workers: 3
 Concurrent Refinement Workers: 10
 Periodic GC: Disabled
Heap:
 garbage-first heap   total reserved 1925120K, committed 98304K, used 53430K [0x000000008a800000, 0x0000000100000000)
  region size 1024K, 21 young (21504K), 7 survivors (7168K)
 Metaspace       used 64383K, committed 65088K, reserved 1114112K
  class space    used 9471K, committed 9792K, reserved 1048576K
GC Heap History (20 events):
Event: 1.405 GC heap before
{Heap before GC invocations=1 (full 0):
 garbage-first heap   total reserved 1925120K, committed 120832K, used 32384K [0x000000008a800000, 0x0000000100000000)
  region size 1024K, 19 young (19456K), 3 survivors (3072K)
 Metaspace       used 7026K, committed 7232K, reserved 1114112K
  class space    used 926K, committed 1024K, reserved 1048576K
}
Event: 1.417 GC heap after
{Heap after GC invocations=2 (full 0):
 garbage-first heap   total reserved 1925120K, committed 120832K, used 20992K [0x000000008a800000, 0x0000000100000000)
  region size 1024K, 3 young (3072K), 3 survivors (3072K)
 Metaspace       used 7026K, committed 7232K, reserved 1114112K
  class space    used 926K, committed 1024K, reserved 1048576K
}
Event: 3.382 GC heap before
{Heap before GC invocations=2 (full 0):
 garbage-first heap   total reserved 1925120K, committed 120832K, used 47616K [0x000000008a800000, 0x0000000100000000)
  region size 1024K, 30 young (30720K), 3 survivors (3072K)
 Metaspace       used 13892K, committed 14208K, reserved 1114112K
  class space    used 1885K, committed 2048K, reserved 1048576K
}
Event: 3.389 GC heap after
{Heap after GC invocations=3 (full 0):
 garbage-first heap   total reserved 1925120K, committed 120832K, used 23965K [0x000000008a800000, 0x0000000100000000)
  region size 1024K, 3 young (3072K), 3 survivors (3072K)
 Metaspace       used 13892K, committed 14208K, reserved 1114112K
  class space    used 1885K, committed 2048K, reserved 1048576K
}
Event: 3.998 GC heap before
{Heap before GC invocations=3 (full 0):
 garbage-first heap   total reserved 1925120K, committed 120832K, used 56733K [0x000000008a800000, 0x0000000100000000)
  region size 1024K, 37 young (37888K), 3 survivors (3072K)
 Metaspace       used 19912K, committed 20288K, reserved 1114112K
  class space    used 2665K, committed 2816K, reserved 1048576K
}
Event: 4.007 GC heap after
{Heap after GC invocations=4 (full 0):
 garbage-first heap   total reserved 1925120K, committed 120832K, used 27310K [0x000000008a800000, 0x0000000100000000)
  region size 1024K, 6 young (6144K), 6 survivors (6144K)
 Metaspace       used 19912K, committed 20288K, reserved 1114112K
  class space    used 2665K, committed 2816K, reserved 1048576K
}
Event: 5.323 GC heap before
{Heap before GC invocations=5 (full 0):
 garbage-first heap   total reserved 1925120K, committed 81920K, used 67246K [0x000000008a800000, 0x0000000100000000)
  region size 1024K, 48 young (49152K), 6 survivors (6144K)
 Metaspace       used 24502K, committed 24896K, reserved 1114112K
  class space    used 3474K, committed 3648K, reserved 1048576K
}
Event: 5.339 GC heap after
{Heap after GC invocations=6 (full 0):
 garbage-first heap   total reserved 1925120K, committed 81920K, used 26564K [0x000000008a800000, 0x0000000100000000)
  region size 1024K, 4 young (4096K), 4 survivors (4096K)
 Metaspace       used 24502K, committed 24896K, reserved 1114112K
  class space    used 3474K, committed 3648K, reserved 1048576K
}
Event: 6.434 GC heap before
{Heap before GC invocations=6 (full 0):
 garbage-first heap   total reserved 1925120K, committed 81920K, used 62404K [0x000000008a800000, 0x0000000100000000)
  region size 1024K, 39 young (39936K), 4 survivors (4096K)
 Metaspace       used 30387K, committed 30848K, reserved 1114112K
  class space    used 4337K, committed 4544K, reserved 1048576K
}
Event: 6.451 GC heap after
{Heap after GC invocations=7 (full 0):
 garbage-first heap   total reserved 1925120K, committed 98304K, used 30042K [0x000000008a800000, 0x0000000100000000)
  region size 1024K, 5 young (5120K), 5 survivors (5120K)
 Metaspace       used 30387K, committed 30848K, reserved 1114112K
  class space    used 4337K, committed 4544K, reserved 1048576K
}
Event: 7.029 GC heap before
{Heap before GC invocations=7 (full 0):
 garbage-first heap   total reserved 1925120K, committed 98304K, used 47450K [0x000000008a800000, 0x0000000100000000)
  region size 1024K, 22 young (22528K), 5 survivors (5120K)
 Metaspace       used 33282K, committed 33856K, reserved 1114112K
  class space    used 4755K, committed 5056K, reserved 1048576K
}
Event: 7.034 GC heap after
{Heap after GC invocations=8 (full 0):
 garbage-first heap   total reserved 1925120K, committed 98304K, used 30776K [0x000000008a800000, 0x0000000100000000)
  region size 1024K, 2 young (2048K), 2 survivors (2048K)
 Metaspace       used 33282K, committed 33856K, reserved 1114112K
  class space    used 4755K, committed 5056K, reserved 1048576K
}
Event: 8.742 GC heap before
{Heap before GC invocations=9 (full 0):
 garbage-first heap   total reserved 1925120K, committed 98304K, used 80952K [0x000000008a800000, 0x0000000100000000)
  region size 1024K, 51 young (52224K), 2 survivors (2048K)
 Metaspace       used 45424K, committed 46080K, reserved 1114112K
  class space    used 6547K, committed 6848K, reserved 1048576K
}
Event: 8.747 GC heap after
{Heap after GC invocations=10 (full 0):
 garbage-first heap   total reserved 1925120K, committed 98304K, used 34498K [0x000000008a800000, 0x0000000100000000)
  region size 1024K, 6 young (6144K), 6 survivors (6144K)
 Metaspace       used 45424K, committed 46080K, reserved 1114112K
  class space    used 6547K, committed 6848K, reserved 1048576K
}
Event: 10.007 GC heap before
{Heap before GC invocations=10 (full 0):
 garbage-first heap   total reserved 1925120K, committed 98304K, used 73410K [0x000000008a800000, 0x0000000100000000)
  region size 1024K, 45 young (46080K), 6 survivors (6144K)
 Metaspace       used 55947K, committed 56576K, reserved 1114112K
  class space    used 8180K, committed 8448K, reserved 1048576K
}
Event: 10.016 GC heap after
{Heap after GC invocations=11 (full 0):
 garbage-first heap   total reserved 1925120K, committed 98304K, used 35358K [0x000000008a800000, 0x0000000100000000)
  region size 1024K, 2 young (2048K), 2 survivors (2048K)
 Metaspace       used 55947K, committed 56576K, reserved 1114112K
  class space    used 8180K, committed 8448K, reserved 1048576K
}
Event: 10.173 GC heap before
{Heap before GC invocations=11 (full 0):
 garbage-first heap   total reserved 1925120K, committed 98304K, used 36382K [0x000000008a800000, 0x0000000100000000)
  region size 1024K, 4 young (4096K), 2 survivors (2048K)
 Metaspace       used 56241K, committed 56896K, reserved 1114112K
  class space    used 8217K, committed 8512K, reserved 1048576K
}
Event: 10.176 GC heap after
{Heap after GC invocations=12 (full 0):
 garbage-first heap   total reserved 1925120K, committed 98304K, used 35288K [0x000000008a800000, 0x0000000100000000)
  region size 1024K, 2 young (2048K), 2 survivors (2048K)
 Metaspace       used 56241K, committed 56896K, reserved 1114112K
  class space    used 8217K, committed 8512K, reserved 1048576K
}
Event: 11.706 GC heap before
{Heap before GC invocations=13 (full 0):
 garbage-first heap   total reserved 1925120K, committed 98304K, used 86488K [0x000000008a800000, 0x0000000100000000)
  region size 1024K, 52 young (53248K), 2 survivors (2048K)
 Metaspace       used 62973K, committed 63680K, reserved 1114112K
  class space    used 9226K, committed 9536K, reserved 1048576K
}
Event: 11.713 GC heap after
{Heap after GC invocations=14 (full 0):
 garbage-first heap   total reserved 1925120K, committed 98304K, used 40118K [0x000000008a800000, 0x0000000100000000)
  region size 1024K, 7 young (7168K), 7 survivors (7168K)
 Metaspace       used 62973K, committed 63680K, reserved 1114112K
  class space    used 9226K, committed 9536K, reserved 1048576K
}

